#
# There is insufficient memory for the Java Runtime Environment to continue.
# Native memory allocation (mmap) failed to map 65536 bytes. Error detail: Failed to commit metaspace.
# Possible reasons:
#   The system is out of physical RAM or swap space
#   This process is running with CompressedOops enabled, and the Java Heap may be blocking the growth of the native heap
# Possible solutions:
#   Reduce memory load on the system
#   Increase physical memory or swap space
#   Check if swap backing store is full
#   Decrease Java heap size (-Xmx/-Xms)
#   Decrease number of Java threads
#   Decrease Java thread stack sizes (-Xss)
#   Set larger code cache with -XX:ReservedCodeCacheSize=
#   JVM is running with Unscaled Compressed Oops mode in which the Java heap is
#     placed in the first 4GB address space. The Java Heap base address is the
#     maximum limit for the native heap growth. Please use -XX:HeapBaseMinAddress
#     to set the Java Heap base and to place the Java Heap above 4GB virtual address.
# This output file may be truncated or incomplete.
#
#  Out of Memory Error (virtualSpaceNode.cpp:112), pid=26196, tid=26492
#
# JRE version: Java(TM) SE Runtime Environment (22.0.2+9) (build 22.0.2+9-70)
# Java VM: Java HotSpot(TM) 64-Bit Server VM (22.0.2+9-70, mixed mode, sharing, tiered, compressed oops, compressed class ptrs, g1 gc, windows-amd64)
# No core dump will be written. Minidumps are not enabled by default on client versions of Windows
#

---------------  S U M M A R Y ------------

Command Line: -Dfile.encoding=UTF-8 --module-path=C:\Users\HP\OneDrive\Documents\NetBeansProjects\Jkb Management System\build\classes jkb.management.system.AddDriver

Host: AMD Ryzen 5 5625U with Radeon Graphics         , 12 cores, 7G,  Windows 11 , 64 bit Build 22621 (10.0.22621.3958)
Time: Sun Nov 10 09:56:13 2024 India Standard Time elapsed time: 0.423303 seconds (0d 0h 0m 0s)

---------------  T H R E A D  ---------------

Current thread (0x000001c779580160):  JavaThread "main"             [_thread_in_vm, id=26492, stack(0x000000519f100000,0x000000519f200000) (1024K)]

Stack: [0x000000519f100000,0x000000519f200000]
Native frames: (J=compiled Java code, j=interpreted, Vv=VM code, C=native code)
V  [jvm.dll+0x6e26e9]  (no source info available)
V  [jvm.dll+0x875753]  (no source info available)
V  [jvm.dll+0x877b7e]  (no source info available)
V  [jvm.dll+0x878253]  (no source info available)
V  [jvm.dll+0x27fc86]  (no source info available)
V  [jvm.dll+0x87139e]  (no source info available)
V  [jvm.dll+0x685755]  (no source info available)
V  [jvm.dll+0x6857ba]  (no source info available)
V  [jvm.dll+0x687ffa]  (no source info available)
V  [jvm.dll+0x224f6c]  (no source info available)
V  [jvm.dll+0x68616e]  (no source info available)
V  [jvm.dll+0x3c3acf]  (no source info available)
V  [jvm.dll+0x20d28b]  (no source info available)
V  [jvm.dll+0x5c4ab9]  (no source info available)
V  [jvm.dll+0x21cb2a]  (no source info available)
V  [jvm.dll+0x7ebe8c]  (no source info available)
V  [jvm.dll+0x7ecf26]  (no source info available)
V  [jvm.dll+0x7ed534]  (no source info available)
V  [jvm.dll+0x7ed1b8]  (no source info available)
V  [jvm.dll+0x26d6ab]  (no source info available)
V  [jvm.dll+0x3d9eae]  (no source info available)
C  0x000001c70f7dab94  (no source info available)

The last pc belongs to new (printed below).
Java frames: (J=compiled Java code, j=interpreted, Vv=VM code)
j  javax.swing.Timer.<init>(ILjava/awt/event/ActionListener;)V+71 java.desktop@22.0.2
j  javax.swing.text.DefaultCaret.setBlinkRate(I)V+56 java.desktop@22.0.2
j  javax.swing.plaf.basic.BasicTextUI.installDefaults2()V+79 java.desktop@22.0.2
j  javax.swing.plaf.basic.BasicTextUI.installUI(Ljavax/swing/JComponent;)V+46 java.desktop@22.0.2
j  javax.swing.JComponent.setUI(Ljavax/swing/plaf/ComponentUI;)V+52 java.desktop@22.0.2
j  javax.swing.text.JTextComponent.setUI(Ljavax/swing/plaf/TextUI;)V+2 java.desktop@22.0.2
j  javax.swing.text.JTextComponent.updateUI()V+8 java.desktop@22.0.2
j  javax.swing.text.JTextComponent.<init>()V+62 java.desktop@22.0.2
j  javax.swing.JTextField.<init>(Ljavax/swing/text/Document;Ljava/lang/String;I)V+1 java.desktop@22.0.2
j  javax.swing.JTextField.<init>()V+4 java.desktop@22.0.2
j  jkb.management.system.AddDriver.<init>()V+114
j  jkb.management.system.AddDriver.main([Ljava/lang/String;)V+4
v  ~StubRoutines::call_stub 0x000001c70f7c100d
new  187 new  [0x000001c70f7daa00, 0x000001c70f7dac08]  520 bytes
[MachCode]
  0x000001c70f7daa00: 4883 ec08 | c5fa 1104 | 24eb 1f48 | 83ec 10c5 | fb11 0424 | eb14 4883 | ec10 4889 | 0424 48c7 
  0x000001c70f7daa20: 4424 0800 | 0000 00eb | 0150 410f | b755 010f | cac1 ea10 | 488b 4de8 | 488b 4908 | 488b 4908 
  0x000001c70f7daa40: 488b 4108 | 807c 1004 | 070f 85d3 | 0000 0066 | 8b54 d148 | 488b 4928 | 488b 4cd1 | 0851 80b9 
  0x000001c70f7daa60: 2001 0000 | 050f 85b6 | 0000 008b | 5108 f6c2 | 010f 85aa | 0000 0049 | 8b87 b801 | 0000 488d 
  0x000001c70f7daa80: 1c10 493b | 9fc8 0100 | 000f 8792 | 0000 0049 | 899f b801 | 0000 4883 | ea10 0f84 | 0f00 0000 
  0x000001c70f7daaa0: 33c9 c1ea | 0348 894c | d008 48ff | ca75 f648 | c700 0100 | 0000 5933 | f689 700c | 49ba 0000 
  0x000001c70f7daac0: 001a c701 | 0000 492b | ca89 4808 | 49ba 6d40 | 02b5 f97f | 0000 4180 | 3a00 0f84 | 3c00 0000 
  0x000001c70f7daae0: 5048 8bc8 | 4883 ec20 | 40f6 c40f | 0f84 1900 | 0000 4883 | ec08 48b8 | c0b9 b2b4 | f97f 0000 
  0x000001c70f7dab00: ffd0 4883 | c408 e90c | 0000 0048 | b8c0 b9b2 | b4f9 7f00 | 00ff d048 | 83c4 2058 | e9cb 0000 
  0x000001c70f7dab20: 0059 488b | 55e8 488b | 5208 488b | 5208 450f | b745 0141 | 0fc8 41c1 | e810 e805 | 0000 00e9 
  0x000001c70f7dab40: a800 0000 | 488d 4424 | 084c 896d | c049 8bcf | c5f8 7749 | 89af b003 | 0000 4989 | 87a0 0300 
  0x000001c70f7dab60: 0048 83ec | 2040 f6c4 | 0f0f 8419 | 0000 0048 | 83ec 0848 | b860 9e7b | b4f9 7f00 | 00ff d048 
  0x000001c70f7dab80: 83c4 08e9 | 0c00 0000 | 48b8 609e | 7bb4 f97f | 0000 ffd0 | 4883 c420 | 49c7 87a0 | 0300 0000 
  0x000001c70f7daba0: 0000 0049 | c787 b003 | 0000 0000 | 0000 49c7 | 87a8 0300 | 0000 0000 | 00c5 f877 | 4983 7f08 
  0x000001c70f7dabc0: 000f 8405 | 0000 00e9 | 3463 feff | 498b 87f8 | 0300 0049 | c787 f803 | 0000 0000 | 0000 4c8b 
  0x000001c70f7dabe0: 6dc0 4c8b | 75c8 4e8d | 74f5 00c3 | 410f b65d | 0349 83c5 | 0349 ba30 | 0906 b5f9 | 7f00 0041 
  0x000001c70f7dac00: ff24 da0f | 1f44 0000 
[/MachCode]

---------------  P R O C E S S  ---------------

Threads class SMR info:
_java_thread_list=0x000001c719704a00, length=14, elements={
0x000001c779580160, 0x000001c77eed8e90, 0x000001c77eed9bb0, 0x000001c77eedb9b0,
0x000001c77eedca90, 0x000001c77eedd770, 0x000001c77eede1d0, 0x000001c77eee1dc0,
0x000001c77eefadf0, 0x000001c71947e360, 0x000001c7195285f0, 0x000001c719712e90,
0x000001c719714700, 0x000001c71967b100
}

Java Threads: ( => current thread )
=>0x000001c779580160 JavaThread "main"                              [_thread_in_vm, id=26492, stack(0x000000519f100000,0x000000519f200000) (1024K)]
  0x000001c77eed8e90 JavaThread "Reference Handler"          daemon [_thread_blocked, id=25656, stack(0x000000519f900000,0x000000519fa00000) (1024K)]
  0x000001c77eed9bb0 JavaThread "Finalizer"                  daemon [_thread_blocked, id=26008, stack(0x000000519fa00000,0x000000519fb00000) (1024K)]
  0x000001c77eedb9b0 JavaThread "Signal Dispatcher"          daemon [_thread_blocked, id=7356, stack(0x000000519fb00000,0x000000519fc00000) (1024K)]
  0x000001c77eedca90 JavaThread "Attach Listener"            daemon [_thread_blocked, id=14296, stack(0x000000519fc00000,0x000000519fd00000) (1024K)]
  0x000001c77eedd770 JavaThread "Service Thread"             daemon [_thread_blocked, id=26264, stack(0x000000519fd00000,0x000000519fe00000) (1024K)]
  0x000001c77eede1d0 JavaThread "Monitor Deflation Thread"   daemon [_thread_blocked, id=3912, stack(0x000000519fe00000,0x000000519ff00000) (1024K)]
  0x000001c77eee1dc0 JavaThread "C2 CompilerThread0"         daemon [_thread_blocked, id=26544, stack(0x000000519ff00000,0x00000051a0000000) (1024K)]
  0x000001c77eefadf0 JavaThread "C1 CompilerThread0"         daemon [_thread_blocked, id=2388, stack(0x00000051a0000000,0x00000051a0100000) (1024K)]
  0x000001c71947e360 JavaThread "Common-Cleaner"             daemon [_thread_blocked, id=22604, stack(0x00000051a0100000,0x00000051a0200000) (1024K)]
  0x000001c7195285f0 JavaThread "Notification Thread"        daemon [_thread_blocked, id=24044, stack(0x00000051a0200000,0x00000051a0300000) (1024K)]
  0x000001c719712e90 JavaThread "Java2D Disposer"            daemon [_thread_blocked, id=19084, stack(0x00000051a0300000,0x00000051a0400000) (1024K)]
  0x000001c719714700 JavaThread "AWT-Shutdown"                      [_thread_blocked, id=25772, stack(0x00000051a0400000,0x00000051a0500000) (1024K)]
  0x000001c71967b100 JavaThread "AWT-Windows"                daemon [_thread_in_native, id=22252, stack(0x00000051a0500000,0x00000051a0600000) (1024K)]
Total: 14

Other Threads:
  0x000001c77eeb9610 VMThread "VM Thread"                           [id=25996, stack(0x000000519f800000,0x000000519f900000) (1024K)]
  0x000001c77eea3f20 WatcherThread "VM Periodic Task Thread"        [id=25096, stack(0x000000519f700000,0x000000519f800000) (1024K)]
  0x000001c77b7fe8f0 WorkerThread "GC Thread#0"                     [id=23440, stack(0x000000519f200000,0x000000519f300000) (1024K)]
  0x000001c77b80e5d0 ConcurrentGCThread "G1 Main Marker"            [id=3848, stack(0x000000519f300000,0x000000519f400000) (1024K)]
  0x000001c77b80f880 WorkerThread "G1 Conc#0"                       [id=19640, stack(0x000000519f400000,0x000000519f500000) (1024K)]
  0x000001c77b86e980 ConcurrentGCThread "G1 Refine#0"               [id=18380, stack(0x000000519f500000,0x000000519f600000) (1024K)]
  0x000001c77ed726c0 ConcurrentGCThread "G1 Service"                [id=26320, stack(0x000000519f600000,0x000000519f700000) (1024K)]
Total: 7

Threads with active compile tasks:
Total: 0

VM state: not at safepoint (normal execution)

VM Mutex/Monitor currently owned by a thread:  ([mutex/lock_event])
[0x00007ff9b504ab00] Metaspace_lock - owner thread: 0x000001c779580160

Heap address: 0x000000008a600000, size: 1882 MB, Compressed Oops mode: 32-bit

CDS archive(s) mapped at: [0x000001c71a000000-0x000001c71ac60000-0x000001c71ac60000), size 12976128, SharedBaseAddress: 0x000001c71a000000, ArchiveRelocationMode: 1.
Compressed class space mapped at: 0x000001c71b000000-0x000001c75b000000, reserved size: 1073741824
Narrow klass base: 0x000001c71a000000, Narrow klass shift: 0, Narrow klass range: 0x41000000

GC Precious Log:
 CardTable entry size: 512
 Card Set container configuration: InlinePtr #cards 5 size 8 Array Of Cards #cards 12 size 40 Howl #buckets 4 coarsen threshold 1843 Howl Bitmap #cards 512 size 80 coarsen threshold 460 Card regions per heap region 1 cards per card region 2048
 CPUs: 12 total, 12 available
 Memory: 7520M
 Large Page Support: Disabled
 NUMA Support: Disabled
 Compressed Oops: Enabled (32-bit)
 Heap Region Size: 1M
 Heap Min Capacity: 8M
 Heap Initial Capacity: 118M
 Heap Max Capacity: 1882M
 Pre-touch: Disabled
 Parallel Workers: 10
 Concurrent Workers: 3
 Concurrent Refinement Workers: 10
 Periodic GC: Disabled

Heap:
 garbage-first heap   total reserved 1927168K, committed 120832K, used 5120K [0x000000008a600000, 0x0000000100000000)
  region size 1024K, 6 young (6144K), 0 survivors (0K)
 Metaspace       used 4764K, committed 4864K, reserved 1114112K
  class space    used 543K, committed 576K, reserved 1048576K

Heap Regions: E=young(eden), S=young(survivor), O=old, HS=humongous(starts), HC=humongous(continues), CS=collection set, F=free, TAMS=top-at-mark-start, PB=parsable bottom
|   0|0x000000008a600000, 0x000000008a600000, 0x000000008a700000|  0%| F|  |TAMS 0x000000008a600000| PB 0x000000008a600000| Untracked |  0
|   1|0x000000008a700000, 0x000000008a700000, 0x000000008a800000|  0%| F|  |TAMS 0x000000008a700000| PB 0x000000008a700000| Untracked |  0
|   2|0x000000008a800000, 0x000000008a800000, 0x000000008a900000|  0%| F|  |TAMS 0x000000008a800000| PB 0x000000008a800000| Untracked |  0
|   3|0x000000008a900000, 0x000000008a900000, 0x000000008aa00000|  0%| F|  |TAMS 0x000000008a900000| PB 0x000000008a900000| Untracked |  0
|   4|0x000000008aa00000, 0x000000008aa00000, 0x000000008ab00000|  0%| F|  |TAMS 0x000000008aa00000| PB 0x000000008aa00000| Untracked |  0
|   5|0x000000008ab00000, 0x000000008ab00000, 0x000000008ac00000|  0%| F|  |TAMS 0x000000008ab00000| PB 0x000000008ab00000| Untracked |  0
|   6|0x000000008ac00000, 0x000000008ac00000, 0x000000008ad00000|  0%| F|  |TAMS 0x000000008ac00000| PB 0x000000008ac00000| Untracked |  0
|   7|0x000000008ad00000, 0x000000008ad00000, 0x000000008ae00000|  0%| F|  |TAMS 0x000000008ad00000| PB 0x000000008ad00000| Untracked |  0
|   8|0x000000008ae00000, 0x000000008ae00000, 0x000000008af00000|  0%| F|  |TAMS 0x000000008ae00000| PB 0x000000008ae00000| Untracked |  0
|   9|0x000000008af00000, 0x000000008af00000, 0x000000008b000000|  0%| F|  |TAMS 0x000000008af00000| PB 0x000000008af00000| Untracked |  0
|  10|0x000000008b000000, 0x000000008b000000, 0x000000008b100000|  0%| F|  |TAMS 0x000000008b000000| PB 0x000000008b000000| Untracked |  0
|  11|0x000000008b100000, 0x000000008b100000, 0x000000008b200000|  0%| F|  |TAMS 0x000000008b100000| PB 0x000000008b100000| Untracked |  0
|  12|0x000000008b200000, 0x000000008b200000, 0x000000008b300000|  0%| F|  |TAMS 0x000000008b200000| PB 0x000000008b200000| Untracked |  0
|  13|0x000000008b300000, 0x000000008b300000, 0x000000008b400000|  0%| F|  |TAMS 0x000000008b300000| PB 0x000000008b300000| Untracked |  0
|  14|0x000000008b400000, 0x000000008b400000, 0x000000008b500000|  0%| F|  |TAMS 0x000000008b400000| PB 0x000000008b400000| Untracked |  0
|  15|0x000000008b500000, 0x000000008b500000, 0x000000008b600000|  0%| F|  |TAMS 0x000000008b500000| PB 0x000000008b500000| Untracked |  0
|  16|0x000000008b600000, 0x000000008b600000, 0x000000008b700000|  0%| F|  |TAMS 0x000000008b600000| PB 0x000000008b600000| Untracked |  0
|  17|0x000000008b700000, 0x000000008b700000, 0x000000008b800000|  0%| F|  |TAMS 0x000000008b700000| PB 0x000000008b700000| Untracked |  0
|  18|0x000000008b800000, 0x000000008b800000, 0x000000008b900000|  0%| F|  |TAMS 0x000000008b800000| PB 0x000000008b800000| Untracked |  0
|  19|0x000000008b900000, 0x000000008b900000, 0x000000008ba00000|  0%| F|  |TAMS 0x000000008b900000| PB 0x000000008b900000| Untracked |  0
|  20|0x000000008ba00000, 0x000000008ba00000, 0x000000008bb00000|  0%| F|  |TAMS 0x000000008ba00000| PB 0x000000008ba00000| Untracked |  0
|  21|0x000000008bb00000, 0x000000008bb00000, 0x000000008bc00000|  0%| F|  |TAMS 0x000000008bb00000| PB 0x000000008bb00000| Untracked |  0
|  22|0x000000008bc00000, 0x000000008bc00000, 0x000000008bd00000|  0%| F|  |TAMS 0x000000008bc00000| PB 0x000000008bc00000| Untracked |  0
|  23|0x000000008bd00000, 0x000000008bd00000, 0x000000008be00000|  0%| F|  |TAMS 0x000000008bd00000| PB 0x000000008bd00000| Untracked |  0
|  24|0x000000008be00000, 0x000000008be00000, 0x000000008bf00000|  0%| F|  |TAMS 0x000000008be00000| PB 0x000000008be00000| Untracked |  0
|  25|0x000000008bf00000, 0x000000008bf00000, 0x000000008c000000|  0%| F|  |TAMS 0x000000008bf00000| PB 0x000000008bf00000| Untracked |  0
|  26|0x000000008c000000, 0x000000008c000000, 0x000000008c100000|  0%| F|  |TAMS 0x000000008c000000| PB 0x000000008c000000| Untracked |  0
|  27|0x000000008c100000, 0x000000008c100000, 0x000000008c200000|  0%| F|  |TAMS 0x000000008c100000| PB 0x000000008c100000| Untracked |  0
|  28|0x000000008c200000, 0x000000008c200000, 0x000000008c300000|  0%| F|  |TAMS 0x000000008c200000| PB 0x000000008c200000| Untracked |  0
|  29|0x000000008c300000, 0x000000008c300000, 0x000000008c400000|  0%| F|  |TAMS 0x000000008c300000| PB 0x000000008c300000| Untracked |  0
|  30|0x000000008c400000, 0x000000008c400000, 0x000000008c500000|  0%| F|  |TAMS 0x000000008c400000| PB 0x000000008c400000| Untracked |  0
|  31|0x000000008c500000, 0x000000008c500000, 0x000000008c600000|  0%| F|  |TAMS 0x000000008c500000| PB 0x000000008c500000| Untracked |  0
|  32|0x000000008c600000, 0x000000008c600000, 0x000000008c700000|  0%| F|  |TAMS 0x000000008c600000| PB 0x000000008c600000| Untracked |  0
|  33|0x000000008c700000, 0x000000008c700000, 0x000000008c800000|  0%| F|  |TAMS 0x000000008c700000| PB 0x000000008c700000| Untracked |  0
|  34|0x000000008c800000, 0x000000008c800000, 0x000000008c900000|  0%| F|  |TAMS 0x000000008c800000| PB 0x000000008c800000| Untracked |  0
|  35|0x000000008c900000, 0x000000008c900000, 0x000000008ca00000|  0%| F|  |TAMS 0x000000008c900000| PB 0x000000008c900000| Untracked |  0
|  36|0x000000008ca00000, 0x000000008ca00000, 0x000000008cb00000|  0%| F|  |TAMS 0x000000008ca00000| PB 0x000000008ca00000| Untracked |  0
|  37|0x000000008cb00000, 0x000000008cb00000, 0x000000008cc00000|  0%| F|  |TAMS 0x000000008cb00000| PB 0x000000008cb00000| Untracked |  0
|  38|0x000000008cc00000, 0x000000008cc00000, 0x000000008cd00000|  0%| F|  |TAMS 0x000000008cc00000| PB 0x000000008cc00000| Untracked |  0
|  39|0x000000008cd00000, 0x000000008cd00000, 0x000000008ce00000|  0%| F|  |TAMS 0x000000008cd00000| PB 0x000000008cd00000| Untracked |  0
|  40|0x000000008ce00000, 0x000000008ce00000, 0x000000008cf00000|  0%| F|  |TAMS 0x000000008ce00000| PB 0x000000008ce00000| Untracked |  0
|  41|0x000000008cf00000, 0x000000008cf00000, 0x000000008d000000|  0%| F|  |TAMS 0x000000008cf00000| PB 0x000000008cf00000| Untracked |  0
|  42|0x000000008d000000, 0x000000008d000000, 0x000000008d100000|  0%| F|  |TAMS 0x000000008d000000| PB 0x000000008d000000| Untracked |  0
|  43|0x000000008d100000, 0x000000008d100000, 0x000000008d200000|  0%| F|  |TAMS 0x000000008d100000| PB 0x000000008d100000| Untracked |  0
|  44|0x000000008d200000, 0x000000008d200000, 0x000000008d300000|  0%| F|  |TAMS 0x000000008d200000| PB 0x000000008d200000| Untracked |  0
|  45|0x000000008d300000, 0x000000008d300000, 0x000000008d400000|  0%| F|  |TAMS 0x000000008d300000| PB 0x000000008d300000| Untracked |  0
|  46|0x000000008d400000, 0x000000008d400000, 0x000000008d500000|  0%| F|  |TAMS 0x000000008d400000| PB 0x000000008d400000| Untracked |  0
|  47|0x000000008d500000, 0x000000008d500000, 0x000000008d600000|  0%| F|  |TAMS 0x000000008d500000| PB 0x000000008d500000| Untracked |  0
|  48|0x000000008d600000, 0x000000008d600000, 0x000000008d700000|  0%| F|  |TAMS 0x000000008d600000| PB 0x000000008d600000| Untracked |  0
|  49|0x000000008d700000, 0x000000008d700000, 0x000000008d800000|  0%| F|  |TAMS 0x000000008d700000| PB 0x000000008d700000| Untracked |  0
|  50|0x000000008d800000, 0x000000008d800000, 0x000000008d900000|  0%| F|  |TAMS 0x000000008d800000| PB 0x000000008d800000| Untracked |  0
|  51|0x000000008d900000, 0x000000008d900000, 0x000000008da00000|  0%| F|  |TAMS 0x000000008d900000| PB 0x000000008d900000| Untracked |  0
|  52|0x000000008da00000, 0x000000008da00000, 0x000000008db00000|  0%| F|  |TAMS 0x000000008da00000| PB 0x000000008da00000| Untracked |  0
|  53|0x000000008db00000, 0x000000008db00000, 0x000000008dc00000|  0%| F|  |TAMS 0x000000008db00000| PB 0x000000008db00000| Untracked |  0
|  54|0x000000008dc00000, 0x000000008dc00000, 0x000000008dd00000|  0%| F|  |TAMS 0x000000008dc00000| PB 0x000000008dc00000| Untracked |  0
|  55|0x000000008dd00000, 0x000000008dd00000, 0x000000008de00000|  0%| F|  |TAMS 0x000000008dd00000| PB 0x000000008dd00000| Untracked |  0
|  56|0x000000008de00000, 0x000000008de00000, 0x000000008df00000|  0%| F|  |TAMS 0x000000008de00000| PB 0x000000008de00000| Untracked |  0
|  57|0x000000008df00000, 0x000000008df00000, 0x000000008e000000|  0%| F|  |TAMS 0x000000008df00000| PB 0x000000008df00000| Untracked |  0
|  58|0x000000008e000000, 0x000000008e000000, 0x000000008e100000|  0%| F|  |TAMS 0x000000008e000000| PB 0x000000008e000000| Untracked |  0
|  59|0x000000008e100000, 0x000000008e100000, 0x000000008e200000|  0%| F|  |TAMS 0x000000008e100000| PB 0x000000008e100000| Untracked |  0
|  60|0x000000008e200000, 0x000000008e200000, 0x000000008e300000|  0%| F|  |TAMS 0x000000008e200000| PB 0x000000008e200000| Untracked |  0
|  61|0x000000008e300000, 0x000000008e300000, 0x000000008e400000|  0%| F|  |TAMS 0x000000008e300000| PB 0x000000008e300000| Untracked |  0
|  62|0x000000008e400000, 0x000000008e400000, 0x000000008e500000|  0%| F|  |TAMS 0x000000008e400000| PB 0x000000008e400000| Untracked |  0
|  63|0x000000008e500000, 0x000000008e500000, 0x000000008e600000|  0%| F|  |TAMS 0x000000008e500000| PB 0x000000008e500000| Untracked |  0
|  64|0x000000008e600000, 0x000000008e600000, 0x000000008e700000|  0%| F|  |TAMS 0x000000008e600000| PB 0x000000008e600000| Untracked |  0
|  65|0x000000008e700000, 0x000000008e700000, 0x000000008e800000|  0%| F|  |TAMS 0x000000008e700000| PB 0x000000008e700000| Untracked |  0
|  66|0x000000008e800000, 0x000000008e800000, 0x000000008e900000|  0%| F|  |TAMS 0x000000008e800000| PB 0x000000008e800000| Untracked |  0
|  67|0x000000008e900000, 0x000000008e900000, 0x000000008ea00000|  0%| F|  |TAMS 0x000000008e900000| PB 0x000000008e900000| Untracked |  0
|  68|0x000000008ea00000, 0x000000008ea00000, 0x000000008eb00000|  0%| F|  |TAMS 0x000000008ea00000| PB 0x000000008ea00000| Untracked |  0
|  69|0x000000008eb00000, 0x000000008eb00000, 0x000000008ec00000|  0%| F|  |TAMS 0x000000008eb00000| PB 0x000000008eb00000| Untracked |  0
|  70|0x000000008ec00000, 0x000000008ec00000, 0x000000008ed00000|  0%| F|  |TAMS 0x000000008ec00000| PB 0x000000008ec00000| Untracked |  0
|  71|0x000000008ed00000, 0x000000008ed00000, 0x000000008ee00000|  0%| F|  |TAMS 0x000000008ed00000| PB 0x000000008ed00000| Untracked |  0
|  72|0x000000008ee00000, 0x000000008ee00000, 0x000000008ef00000|  0%| F|  |TAMS 0x000000008ee00000| PB 0x000000008ee00000| Untracked |  0
|  73|0x000000008ef00000, 0x000000008ef00000, 0x000000008f000000|  0%| F|  |TAMS 0x000000008ef00000| PB 0x000000008ef00000| Untracked |  0
|  74|0x000000008f000000, 0x000000008f000000, 0x000000008f100000|  0%| F|  |TAMS 0x000000008f000000| PB 0x000000008f000000| Untracked |  0
|  75|0x000000008f100000, 0x000000008f100000, 0x000000008f200000|  0%| F|  |TAMS 0x000000008f100000| PB 0x000000008f100000| Untracked |  0
|  76|0x000000008f200000, 0x000000008f200000, 0x000000008f300000|  0%| F|  |TAMS 0x000000008f200000| PB 0x000000008f200000| Untracked |  0
|  77|0x000000008f300000, 0x000000008f300000, 0x000000008f400000|  0%| F|  |TAMS 0x000000008f300000| PB 0x000000008f300000| Untracked |  0
|  78|0x000000008f400000, 0x000000008f400000, 0x000000008f500000|  0%| F|  |TAMS 0x000000008f400000| PB 0x000000008f400000| Untracked |  0
|  79|0x000000008f500000, 0x000000008f500000, 0x000000008f600000|  0%| F|  |TAMS 0x000000008f500000| PB 0x000000008f500000| Untracked |  0
|  80|0x000000008f600000, 0x000000008f600000, 0x000000008f700000|  0%| F|  |TAMS 0x000000008f600000| PB 0x000000008f600000| Untracked |  0
|  81|0x000000008f700000, 0x000000008f700000, 0x000000008f800000|  0%| F|  |TAMS 0x000000008f700000| PB 0x000000008f700000| Untracked |  0
|  82|0x000000008f800000, 0x000000008f800000, 0x000000008f900000|  0%| F|  |TAMS 0x000000008f800000| PB 0x000000008f800000| Untracked |  0
|  83|0x000000008f900000, 0x000000008f900000, 0x000000008fa00000|  0%| F|  |TAMS 0x000000008f900000| PB 0x000000008f900000| Untracked |  0
|  84|0x000000008fa00000, 0x000000008fa00000, 0x000000008fb00000|  0%| F|  |TAMS 0x000000008fa00000| PB 0x000000008fa00000| Untracked |  0
|  85|0x000000008fb00000, 0x000000008fb00000, 0x000000008fc00000|  0%| F|  |TAMS 0x000000008fb00000| PB 0x000000008fb00000| Untracked |  0
|  86|0x000000008fc00000, 0x000000008fc00000, 0x000000008fd00000|  0%| F|  |TAMS 0x000000008fc00000| PB 0x000000008fc00000| Untracked |  0
|  87|0x000000008fd00000, 0x000000008fd00000, 0x000000008fe00000|  0%| F|  |TAMS 0x000000008fd00000| PB 0x000000008fd00000| Untracked |  0
|  88|0x000000008fe00000, 0x000000008fe00000, 0x000000008ff00000|  0%| F|  |TAMS 0x000000008fe00000| PB 0x000000008fe00000| Untracked |  0
|  89|0x000000008ff00000, 0x000000008ff00000, 0x0000000090000000|  0%| F|  |TAMS 0x000000008ff00000| PB 0x000000008ff00000| Untracked |  0
|  90|0x0000000090000000, 0x0000000090000000, 0x0000000090100000|  0%| F|  |TAMS 0x0000000090000000| PB 0x0000000090000000| Untracked |  0
|  91|0x0000000090100000, 0x0000000090100000, 0x0000000090200000|  0%| F|  |TAMS 0x0000000090100000| PB 0x0000000090100000| Untracked |  0
|  92|0x0000000090200000, 0x0000000090200000, 0x0000000090300000|  0%| F|  |TAMS 0x0000000090200000| PB 0x0000000090200000| Untracked |  0
|  93|0x0000000090300000, 0x0000000090300000, 0x0000000090400000|  0%| F|  |TAMS 0x0000000090300000| PB 0x0000000090300000| Untracked |  0
|  94|0x0000000090400000, 0x0000000090400000, 0x0000000090500000|  0%| F|  |TAMS 0x0000000090400000| PB 0x0000000090400000| Untracked |  0
|  95|0x0000000090500000, 0x0000000090500000, 0x0000000090600000|  0%| F|  |TAMS 0x0000000090500000| PB 0x0000000090500000| Untracked |  0
|  96|0x0000000090600000, 0x0000000090600000, 0x0000000090700000|  0%| F|  |TAMS 0x0000000090600000| PB 0x0000000090600000| Untracked |  0
|  97|0x0000000090700000, 0x0000000090700000, 0x0000000090800000|  0%| F|  |TAMS 0x0000000090700000| PB 0x0000000090700000| Untracked |  0
|  98|0x0000000090800000, 0x0000000090800000, 0x0000000090900000|  0%| F|  |TAMS 0x0000000090800000| PB 0x0000000090800000| Untracked |  0
|  99|0x0000000090900000, 0x0000000090900000, 0x0000000090a00000|  0%| F|  |TAMS 0x0000000090900000| PB 0x0000000090900000| Untracked |  0
| 100|0x0000000090a00000, 0x0000000090a00000, 0x0000000090b00000|  0%| F|  |TAMS 0x0000000090a00000| PB 0x0000000090a00000| Untracked |  0
| 101|0x0000000090b00000, 0x0000000090b00000, 0x0000000090c00000|  0%| F|  |TAMS 0x0000000090b00000| PB 0x0000000090b00000| Untracked |  0
| 102|0x0000000090c00000, 0x0000000090c00000, 0x0000000090d00000|  0%| F|  |TAMS 0x0000000090c00000| PB 0x0000000090c00000| Untracked |  0
| 103|0x0000000090d00000, 0x0000000090d00000, 0x0000000090e00000|  0%| F|  |TAMS 0x0000000090d00000| PB 0x0000000090d00000| Untracked |  0
| 104|0x0000000090e00000, 0x0000000090e00000, 0x0000000090f00000|  0%| F|  |TAMS 0x0000000090e00000| PB 0x0000000090e00000| Untracked |  0
| 105|0x0000000090f00000, 0x0000000090f00000, 0x0000000091000000|  0%| F|  |TAMS 0x0000000090f00000| PB 0x0000000090f00000| Untracked |  0
| 106|0x0000000091000000, 0x0000000091000000, 0x0000000091100000|  0%| F|  |TAMS 0x0000000091000000| PB 0x0000000091000000| Untracked |  0
| 107|0x0000000091100000, 0x0000000091100000, 0x0000000091200000|  0%| F|  |TAMS 0x0000000091100000| PB 0x0000000091100000| Untracked |  0
| 108|0x0000000091200000, 0x0000000091200000, 0x0000000091300000|  0%| F|  |TAMS 0x0000000091200000| PB 0x0000000091200000| Untracked |  0
| 109|0x0000000091300000, 0x0000000091300000, 0x0000000091400000|  0%| F|  |TAMS 0x0000000091300000| PB 0x0000000091300000| Untracked |  0
| 110|0x0000000091400000, 0x0000000091400000, 0x0000000091500000|  0%| F|  |TAMS 0x0000000091400000| PB 0x0000000091400000| Untracked |  0
| 111|0x0000000091500000, 0x0000000091500000, 0x0000000091600000|  0%| F|  |TAMS 0x0000000091500000| PB 0x0000000091500000| Untracked |  0
| 112|0x0000000091600000, 0x000000009167ae50, 0x0000000091700000| 48%| E|  |TAMS 0x0000000091600000| PB 0x0000000091600000| Complete |  0
| 113|0x0000000091700000, 0x0000000091800000, 0x0000000091800000|100%| E|CS|TAMS 0x0000000091700000| PB 0x0000000091700000| Complete |  0
| 114|0x0000000091800000, 0x0000000091900000, 0x0000000091900000|100%| E|CS|TAMS 0x0000000091800000| PB 0x0000000091800000| Complete |  0
| 115|0x0000000091900000, 0x0000000091a00000, 0x0000000091a00000|100%| E|CS|TAMS 0x0000000091900000| PB 0x0000000091900000| Complete |  0
| 116|0x0000000091a00000, 0x0000000091b00000, 0x0000000091b00000|100%| E|CS|TAMS 0x0000000091a00000| PB 0x0000000091a00000| Complete |  0
| 117|0x0000000091b00000, 0x0000000091c00000, 0x0000000091c00000|100%| E|CS|TAMS 0x0000000091b00000| PB 0x0000000091b00000| Complete |  0

Card table byte_map: [0x000001c77c170000,0x000001c77c520000] _byte_map_base: 0x000001c77bd1d000

Marking Bits: (CMBitMap*) 0x000001c77b7ff000
 Bits: [0x000001c77c520000, 0x000001c77e288000)

Polling page: 0x000001c7796e0000

Metaspace:

Usage:
  Non-class:      4.12 MB used.
      Class:    543.41 KB used.
       Both:      4.65 MB used.

Virtual space:
  Non-class space:       64.00 MB reserved,       4.19 MB (  7%) committed,  1 nodes.
      Class space:        1.00 GB reserved,     576.00 KB ( <1%) committed,  1 nodes.
             Both:        1.06 GB reserved,       4.75 MB ( <1%) committed. 

Chunk freelists:
   Non-Class:  10.89 MB
       Class:  15.25 MB
        Both:  26.14 MB

MaxMetaspaceSize: unlimited
CompressedClassSpaceSize: 1.00 GB
Initial GC threshold: 21.00 MB
Current GC threshold: 21.00 MB
CDS: on
 - commit_granule_bytes: 65536.
 - commit_granule_words: 8192.
 - virtual_space_node_default_size: 8388608.
 - enlarge_chunks_in_place: 1.
 - use_allocation_guard: 0.


Internal statistics:

num_allocs_failed_limit: 0.
num_arena_births: 114.
num_arena_deaths: 0.
num_vsnodes_births: 2.
num_vsnodes_deaths: 0.
num_space_committed: 76.
num_space_uncommitted: 0.
num_chunks_returned_to_freelist: 0.
num_chunks_taken_from_freelist: 137.
num_chunk_merges: 0.
num_chunk_splits: 84.
num_chunks_enlarged: 34.
num_inconsistent_stats: 0.

CodeHeap 'non-profiled nmethods': size=120000Kb used=166Kb max_used=166Kb free=119834Kb
 bounds [0x000001c70fd60000, 0x000001c70ffd0000, 0x000001c717290000]
CodeHeap 'profiled nmethods': size=120000Kb used=751Kb max_used=751Kb free=119248Kb
 bounds [0x000001c708290000, 0x000001c708500000, 0x000001c70f7c0000]
CodeHeap 'non-nmethods': size=5760Kb used=1428Kb max_used=1428Kb free=4331Kb
 bounds [0x000001c70f7c0000, 0x000001c70fa30000, 0x000001c70fd60000]
 total_blobs=1079 nmethods=561 adapters=423
 compilation: enabled
              stopped_count=0, restarted_count=0
 full_count=0

Compilation events (20 events):
Event: 0.405 Thread 0x000001c77eefadf0  552       3       java.lang.StringConcatHelper::mix (27 bytes)
Event: 0.406 Thread 0x000001c77eefadf0 nmethod 552 0x000001c708347d90 code [0x000001c708347f60, 0x000001c708348340]
Event: 0.406 Thread 0x000001c77eefadf0  553       3       sun.util.logging.PlatformLogger::isLoggable (23 bytes)
Event: 0.406 Thread 0x000001c77eefadf0 nmethod 553 0x000001c708348510 code [0x000001c7083486e0, 0x000001c7083489b8]
Event: 0.406 Thread 0x000001c77eefadf0  554       3       jdk.internal.logger.AbstractLoggerWrapper::isLoggable (26 bytes)
Event: 0.406 Thread 0x000001c77eefadf0 nmethod 554 0x000001c708348a90 code [0x000001c708348c80, 0x000001c708349218]
Event: 0.407 Thread 0x000001c77eefadf0  555       3       java.lang.invoke.MethodHandle::isBuiltinLoader (24 bytes)
Event: 0.407 Thread 0x000001c77eefadf0 nmethod 555 0x000001c708349390 code [0x000001c708349540, 0x000001c7083497a8]
Event: 0.407 Thread 0x000001c77eefadf0  556   !   3       sun.awt.AppContext::get (123 bytes)
Event: 0.408 Thread 0x000001c77eefadf0 nmethod 556 0x000001c708349890 code [0x000001c708349aa0, 0x000001c70834a4e0]
Event: 0.408 Thread 0x000001c77eefadf0  557       1       java.beans.PropertyChangeEvent::getPropertyName (5 bytes)
Event: 0.408 Thread 0x000001c77eefadf0 nmethod 557 0x000001c70fd88f10 code [0x000001c70fd890a0, 0x000001c70fd89168]
Event: 0.416 Thread 0x000001c77eefadf0  558       3       java.lang.invoke.MemberName::getType (19 bytes)
Event: 0.417 Thread 0x000001c77eefadf0 nmethod 558 0x000001c70834a890 code [0x000001c70834aa60, 0x000001c70834ad50]
Event: 0.417 Thread 0x000001c77eefadf0  559       3       java.util.Arrays::equals (43 bytes)
Event: 0.417 Thread 0x000001c77eefadf0 nmethod 559 0x000001c70834ae90 code [0x000001c70834b060, 0x000001c70834b328]
Event: 0.417 Thread 0x000001c77eefadf0  561       3       java.lang.invoke.ClassSpecializer$SpeciesData::fieldCount (10 bytes)
Event: 0.417 Thread 0x000001c77eefadf0 nmethod 561 0x000001c70834b410 code [0x000001c70834b5c0, 0x000001c70834b798]
Event: 0.417 Thread 0x000001c77eefadf0  562       3       java.lang.StringConcatHelper::stringOf (20 bytes)
Event: 0.417 Thread 0x000001c77eefadf0 nmethod 562 0x000001c70834b890 code [0x000001c70834ba40, 0x000001c70834bc70]

GC Heap History (0 events):
No events

Dll operation events (7 events):
Event: 0.009 Loaded shared library C:\Program Files\Java\jdk-22\bin\java.dll
Event: 0.052 Loaded shared library C:\Program Files\Java\jdk-22\bin\jsvml.dll
Event: 0.091 Loaded shared library C:\Program Files\Java\jdk-22\bin\net.dll
Event: 0.093 Loaded shared library C:\Program Files\Java\jdk-22\bin\nio.dll
Event: 0.119 Loaded shared library C:\Program Files\Java\jdk-22\bin\zip.dll
Event: 0.134 Loaded shared library C:\Program Files\Java\jdk-22\bin\jimage.dll
Event: 0.150 Loaded shared library C:\Program Files\Java\jdk-22\bin\awt.dll

Deoptimization events (4 events):
Event: 0.329 Thread 0x000001c779580160 Uncommon trap: trap_request=0xffffff45 fr.pc=0x000001c70fd70388 relative=0x0000000000000b48
Event: 0.329 Thread 0x000001c779580160 Uncommon trap: reason=unstable_if action=reinterpret pc=0x000001c70fd70388 method=java.util.HashMap.putVal(ILjava/lang/Object;Ljava/lang/Object;ZZ)Ljava/lang/Object; @ 81 c2
Event: 0.329 Thread 0x000001c779580160 DEOPT PACKING pc=0x000001c70fd70388 sp=0x000000519f1fe070
Event: 0.329 Thread 0x000001c779580160 DEOPT UNPACKING pc=0x000001c70f8146a2 sp=0x000000519f1fe020 mode 2

Classes loaded (20 events):
Event: 0.418 Loading class javax/swing/plaf/metal/MetalBorders$Flush3DBorder
Event: 0.418 Loading class javax/swing/plaf/metal/MetalBorders$Flush3DBorder done
Event: 0.418 Loading class javax/swing/plaf/metal/MetalBorders$TextFieldBorder done
Event: 0.418 Loading class javax/swing/plaf/basic/BasicBorders$MarginBorder
Event: 0.418 Loading class javax/swing/plaf/basic/BasicBorders$MarginBorder done
Event: 0.418 Loading class javax/swing/plaf/basic/BasicTextUI$BasicCaret
Event: 0.418 Loading class javax/swing/text/DefaultCaret
Event: 0.418 Loading class javax/swing/text/Caret
Event: 0.418 Loading class javax/swing/text/Caret done
Event: 0.419 Loading class javax/swing/text/DefaultCaret done
Event: 0.419 Loading class javax/swing/plaf/basic/BasicTextUI$BasicCaret done
Event: 0.419 Loading class javax/swing/text/DefaultCaret$Handler
Event: 0.419 Loading class java/awt/datatransfer/ClipboardOwner
Event: 0.419 Loading class java/awt/datatransfer/ClipboardOwner done
Event: 0.419 Loading class javax/swing/text/DefaultCaret$Handler done
Event: 0.419 Loading class javax/swing/text/Document
Event: 0.419 Loading class javax/swing/text/Document done
Event: 0.419 Loading class javax/swing/Timer
Event: 0.419 Loading class javax/swing/Timer done
Event: 0.420 Loading class javax/swing/Timer$DoPostEvent

Classes unloaded (0 events):
No events

Classes redefined (0 events):
No events

Internal exceptions (12 events):
Event: 0.094 Thread 0x000001c779580160 Exception <a 'sun/nio/fs/WindowsException'{0x0000000091abc4c8}> (0x0000000091abc4c8) 
thrown [s\open\src\hotspot\share\prims\jni.cpp, line 520]
Event: 0.097 Thread 0x000001c779580160 Exception <a 'sun/nio/fs/WindowsException'{0x0000000091abeb08}> (0x0000000091abeb08) 
thrown [s\open\src\hotspot\share\prims\jni.cpp, line 520]
Event: 0.097 Thread 0x000001c779580160 Exception <a 'sun/nio/fs/WindowsException'{0x0000000091abf640}> (0x0000000091abf640) 
thrown [s\open\src\hotspot\share\prims\jni.cpp, line 520]
Event: 0.139 Thread 0x000001c779580160 Exception <a 'java/lang/ClassNotFoundException'{0x000000009198f268}: sun/awt/resources/spi/awtProvider> (0x000000009198f268) 
thrown [s\open\src\hotspot\share\classfile\systemDictionary.cpp, line 313]
Event: 0.163 Thread 0x000001c779580160 Exception <a 'java/io/FileNotFoundException'{0x00000000919e2de0}> (0x00000000919e2de0) 
thrown [s\open\src\hotspot\share\prims\jni.cpp, line 520]
Event: 0.171 Thread 0x000001c779580160 Exception <a 'java/io/FileNotFoundException'{0x00000000918117f8}> (0x00000000918117f8) 
thrown [s\open\src\hotspot\share\prims\jni.cpp, line 520]
Event: 0.331 Thread 0x000001c779580160 Exception <a 'java/lang/NoSuchMethodError'{0x00000000918aae98}: 'void java.lang.invoke.DirectMethodHandle$Holder.invokeSpecial(java.lang.Object, java.lang.Object, java.lang.Object)'> (0x00000000918aae98) 
thrown [s\open\src\hotspot\share\interpreter\linkResolver.cpp, line 774]
Event: 0.346 Thread 0x000001c779580160 Exception <a 'java/lang/NoSuchMethodError'{0x00000000918d11a8}: 'java.lang.Object java.lang.invoke.DirectMethodHandle$Holder.newInvokeSpecial(java.lang.Object, java.lang.Object, java.lang.Object, java.lang.Object, java.lang.Object)'> (0x00000000918d11a8) 
thrown [s\open\src\hotspot\share\interpreter\linkResolver.cpp, line 774]
Event: 0.355 Thread 0x000001c779580160 Exception <a 'java/lang/NoSuchMethodError'{0x0000000091782ad0}: 'java.lang.Object java.lang.invoke.DirectMethodHandle$Holder.invokeStatic(java.lang.Object, int, java.lang.Object)'> (0x0000000091782ad0) 
thrown [s\open\src\hotspot\share\interpreter\linkResolver.cpp, line 774]
Event: 0.386 Thread 0x000001c779580160 Exception <a 'java/lang/ClassNotFoundException'{0x0000000091624d38}: com/sun/swing/internal/plaf/metal/resources/spi/metalProvider> (0x0000000091624d38) 
thrown [s\open\src\hotspot\share\classfile\systemDictionary.cpp, line 313]
Event: 0.387 Thread 0x000001c779580160 Exception <a 'java/lang/ClassNotFoundException'{0x0000000091628ce8}: com/sun/swing/internal/plaf/basic/resources/spi/basicProvider> (0x0000000091628ce8) 
thrown [s\open\src\hotspot\share\classfile\systemDictionary.cpp, line 313]
Event: 0.404 Thread 0x000001c779580160 Exception <a 'java/lang/NoSuchMethodError'{0x0000000091648388}: 'int java.lang.invoke.Invokers$Holder.invokeExact_MT(java.lang.Object, java.lang.Object)'> (0x0000000091648388) 
thrown [s\open\src\hotspot\share\interpreter\linkResolver.cpp, line 774]

ZGC Phase Switch (0 events):
No events

VM Operations (4 events):
Event: 0.098 Executing VM operation: HandshakeAllThreads (Deoptimize)
Event: 0.098 Executing VM operation: HandshakeAllThreads (Deoptimize) done
Event: 0.182 Executing VM operation: HandshakeAllThreads (Deoptimize)
Event: 0.182 Executing VM operation: HandshakeAllThreads (Deoptimize) done

Memory protections (0 events):
No events

Nmethod flushes (0 events):
No events

Events (14 events):
Event: 0.034 Thread 0x000001c779580160 Thread added: 0x000001c779580160
Event: 0.050 Thread 0x000001c779580160 Thread added: 0x000001c77eed8e90
Event: 0.050 Thread 0x000001c779580160 Thread added: 0x000001c77eed9bb0
Event: 0.050 Thread 0x000001c779580160 Thread added: 0x000001c77eedb9b0
Event: 0.050 Thread 0x000001c779580160 Thread added: 0x000001c77eedca90
Event: 0.051 Thread 0x000001c779580160 Thread added: 0x000001c77eedd770
Event: 0.051 Thread 0x000001c779580160 Thread added: 0x000001c77eede1d0
Event: 0.051 Thread 0x000001c779580160 Thread added: 0x000001c77eee1dc0
Event: 0.051 Thread 0x000001c779580160 Thread added: 0x000001c77eefadf0
Event: 0.078 Thread 0x000001c779580160 Thread added: 0x000001c71947e360
Event: 0.112 Thread 0x000001c779580160 Thread added: 0x000001c7195285f0
Event: 0.228 Thread 0x000001c779580160 Thread added: 0x000001c719712e90
Event: 0.229 Thread 0x000001c779580160 Thread added: 0x000001c719714700
Event: 0.230 Thread 0x000001c779580160 Thread added: 0x000001c71967b100


Dynamic libraries:
0x00007ff6371a0000 - 0x00007ff6371b0000 	C:\Program Files\Java\jdk-22\bin\java.exe
0x00007ffa785b0000 - 0x00007ffa787c7000 	C:\WINDOWS\SYSTEM32\ntdll.dll
0x00007ffa77c90000 - 0x00007ffa77d54000 	C:\WINDOWS\System32\KERNEL32.DLL
0x00007ffa75e50000 - 0x00007ffa76207000 	C:\WINDOWS\System32\KERNELBASE.dll
0x00007ffa75d00000 - 0x00007ffa75e11000 	C:\WINDOWS\System32\ucrtbase.dll
0x00007ffa550d0000 - 0x00007ffa550e7000 	C:\Program Files\Java\jdk-22\bin\jli.dll
0x00007ffa71070000 - 0x00007ffa7108b000 	C:\Program Files\Java\jdk-22\bin\VCRUNTIME140.dll
0x00007ffa76fd0000 - 0x00007ffa7717f000 	C:\WINDOWS\System32\USER32.dll
0x00007ffa76210000 - 0x00007ffa76236000 	C:\WINDOWS\System32\win32u.dll
0x00007ffa78130000 - 0x00007ffa78159000 	C:\WINDOWS\System32\GDI32.dll
0x00007ffa5bee0000 - 0x00007ffa5c173000 	C:\WINDOWS\WinSxS\amd64_microsoft.windows.common-controls_6595b64144ccf1df_6.0.22621.3672_none_2713b9d173822955\COMCTL32.dll
0x00007ffa76770000 - 0x00007ffa76817000 	C:\WINDOWS\System32\msvcrt.dll
0x00007ffa758c0000 - 0x00007ffa759d8000 	C:\WINDOWS\System32\gdi32full.dll
0x00007ffa76240000 - 0x00007ffa762da000 	C:\WINDOWS\System32\msvcp_win.dll
0x00007ffa77280000 - 0x00007ffa772b1000 	C:\WINDOWS\System32\IMM32.DLL
0x00007ffa70ff0000 - 0x00007ffa70ffc000 	C:\Program Files\Java\jdk-22\bin\vcruntime140_1.dll
0x00007ffa520b0000 - 0x00007ffa5213e000 	C:\Program Files\Java\jdk-22\bin\msvcp140.dll
0x00007ff9b43e0000 - 0x00007ff9b5129000 	C:\Program Files\Java\jdk-22\bin\server\jvm.dll
0x00007ffa76520000 - 0x00007ffa765d2000 	C:\WINDOWS\System32\ADVAPI32.dll
0x00007ffa78020000 - 0x00007ffa780c8000 	C:\WINDOWS\System32\sechost.dll
0x00007ffa75e20000 - 0x00007ffa75e48000 	C:\WINDOWS\System32\bcrypt.dll
0x00007ffa76400000 - 0x00007ffa76514000 	C:\WINDOWS\System32\RPCRT4.dll
0x00007ffa784f0000 - 0x00007ffa78561000 	C:\WINDOWS\System32\WS2_32.dll
0x00007ffa75190000 - 0x00007ffa751dd000 	C:\WINDOWS\SYSTEM32\POWRPROF.dll
0x00007ffa70e90000 - 0x00007ffa70ec4000 	C:\WINDOWS\SYSTEM32\WINMM.dll
0x00007ffa6c7d0000 - 0x00007ffa6c7da000 	C:\WINDOWS\SYSTEM32\VERSION.dll
0x00007ffa75120000 - 0x00007ffa75133000 	C:\WINDOWS\SYSTEM32\UMPDC.dll
0x00007ffa748e0000 - 0x00007ffa748f8000 	C:\WINDOWS\SYSTEM32\kernel.appcore.dll
0x00007ffa70760000 - 0x00007ffa7076a000 	C:\Program Files\Java\jdk-22\bin\jimage.dll
0x00007ffa6faa0000 - 0x00007ffa6fcd2000 	C:\WINDOWS\SYSTEM32\DBGHELP.DLL
0x00007ffa78160000 - 0x00007ffa784ee000 	C:\WINDOWS\System32\combase.dll
0x00007ffa771a0000 - 0x00007ffa77277000 	C:\WINDOWS\System32\OLEAUT32.dll
0x00007ffa5cd60000 - 0x00007ffa5cd92000 	C:\WINDOWS\SYSTEM32\dbgcore.DLL
0x00007ffa75c80000 - 0x00007ffa75cfb000 	C:\WINDOWS\System32\bcryptPrimitives.dll
0x00007ffa55260000 - 0x00007ffa5527e000 	C:\Program Files\Java\jdk-22\bin\java.dll
0x00007ffa77420000 - 0x00007ffa77c89000 	C:\WINDOWS\System32\SHELL32.dll
0x00007ffa76920000 - 0x00007ffa76ac5000 	C:\WINDOWS\System32\ole32.dll
0x00007ffa737e0000 - 0x00007ffa740df000 	C:\WINDOWS\SYSTEM32\windows.storage.dll
0x00007ffa736a0000 - 0x00007ffa737df000 	C:\WINDOWS\SYSTEM32\wintypes.dll
0x00007ffa76670000 - 0x00007ffa76769000 	C:\WINDOWS\System32\SHCORE.dll
0x00007ffa76380000 - 0x00007ffa763de000 	C:\WINDOWS\System32\shlwapi.dll
0x00007ffa757f0000 - 0x00007ffa75817000 	C:\WINDOWS\SYSTEM32\profapi.dll
0x00007ffa55180000 - 0x00007ffa55257000 	C:\Program Files\Java\jdk-22\bin\jsvml.dll
0x00007ffa6f360000 - 0x00007ffa6f370000 	C:\Program Files\Java\jdk-22\bin\net.dll
0x00007ffa74db0000 - 0x00007ffa74e19000 	C:\WINDOWS\system32\mswsock.dll
0x00007ffa55160000 - 0x00007ffa55176000 	C:\Program Files\Java\jdk-22\bin\nio.dll
0x00007ffa55140000 - 0x00007ffa55157000 	C:\Program Files\Java\jdk-22\bin\zip.dll
0x00007ffa44a60000 - 0x00007ffa44bee000 	C:\Program Files\Java\jdk-22\bin\awt.dll
0x00007ffa6f5a0000 - 0x00007ffa6f637000 	C:\WINDOWS\SYSTEM32\apphelp.dll
0x00007ffa73000000 - 0x00007ffa7302b000 	C:\WINDOWS\system32\DWMAPI.DLL
0x00007ffa72d40000 - 0x00007ffa72df1000 	C:\WINDOWS\system32\uxtheme.dll
0x00007ffa0a360000 - 0x00007ffa0a460000 	C:\WINDOWS\system32\opengl32.dll
0x00007ffa09e70000 - 0x00007ffa09e9d000 	C:\WINDOWS\SYSTEM32\GLU32.dll
0x00007ffa72e90000 - 0x00007ffa72ec7000 	C:\WINDOWS\SYSTEM32\dxcore.dll
0x00007ffa772c0000 - 0x00007ffa77420000 	C:\WINDOWS\System32\MSCTF.dll
0x00007ffa23b30000 - 0x00007ffa23cd8000 	C:\WINDOWS\system32\d3d9.dll
0x00007ffa6b9f0000 - 0x00007ffa6bbab000 	C:\WINDOWS\System32\DriverStore\FileRepository\u0387389.inf_amd64_995be970e30b8c79\B385477\aticfx64.dll
0x00007ffa62620000 - 0x00007ffa62654000 	C:\WINDOWS\System32\DriverStore\FileRepository\u0387389.inf_amd64_995be970e30b8c79\B385477\atiu9p64.dll
0x00007ff9f9be0000 - 0x00007ff9fa935000 	C:\WINDOWS\System32\DriverStore\FileRepository\u0387389.inf_amd64_995be970e30b8c79\B385477\atiumd64.dll
0x0000000066f20000 - 0x0000000067e47000 	C:\WINDOWS\System32\DriverStore\FileRepository\u0387389.inf_amd64_995be970e30b8c79\B385477\atiumd6a.dll
0x00007ffa76ad0000 - 0x00007ffa76f44000 	C:\WINDOWS\System32\SETUPAPI.dll
0x00007ffa6b920000 - 0x00007ffa6b955000 	C:\WINDOWS\SYSTEM32\amdihk64.dll
0x00007ffa6d800000 - 0x00007ffa6d849000 	C:\WINDOWS\SYSTEM32\directxdatabasehelper.dll

dbghelp: loaded successfully - version: 4.0.5 - missing functions: none
symbol engine: initialized successfully - sym options: 0x614 - pdb path: .;C:\Program Files\Java\jdk-22\bin;C:\WINDOWS\SYSTEM32;C:\WINDOWS\WinSxS\amd64_microsoft.windows.common-controls_6595b64144ccf1df_6.0.22621.3672_none_2713b9d173822955;C:\Program Files\Java\jdk-22\bin\server;C:\WINDOWS\System32\DriverStore\FileRepository\u0387389.inf_amd64_995be970e30b8c79\B385477

VM Arguments:
jvm_args: -Dfile.encoding=UTF-8 --module-path=C:\Users\HP\OneDrive\Documents\NetBeansProjects\Jkb Management System\build\classes 
java_command: jkb.management.system.AddDriver
java_class_path (initial): C:\Users\HP\Downloads\mysql-connector-java-8.0.28 (1).jar;C:\Users\HP\OneDrive\Documents\NetBeansProjects\Jkb Management System\build\classes
Launcher Type: SUN_STANDARD

[Global flags]
     intx CICompilerCount                          = 4                                         {product} {ergonomic}
     uint ConcGCThreads                            = 3                                         {product} {ergonomic}
     uint G1ConcRefinementThreads                  = 10                                        {product} {ergonomic}
   size_t G1HeapRegionSize                         = 1048576                                   {product} {ergonomic}
   size_t InitialHeapSize                          = 123731968                                 {product} {ergonomic}
   size_t MarkStackSize                            = 4194304                                   {product} {ergonomic}
   size_t MaxHeapSize                              = 1973420032                                {product} {ergonomic}
   size_t MaxNewSize                               = 1183842304                                {product} {ergonomic}
   size_t MinHeapDeltaBytes                        = 1048576                                   {product} {ergonomic}
   size_t MinHeapSize                              = 8388608                                   {product} {ergonomic}
    uintx NonNMethodCodeHeapSize                   = 5839372                                {pd product} {ergonomic}
    uintx NonProfiledCodeHeapSize                  = 122909434                              {pd product} {ergonomic}
    uintx ProfiledCodeHeapSize                     = 122909434                              {pd product} {ergonomic}
    uintx ReservedCodeCacheSize                    = 251658240                              {pd product} {ergonomic}
     bool SegmentedCodeCache                       = true                                      {product} {ergonomic}
   size_t SoftMaxHeapSize                          = 1973420032                             {manageable} {ergonomic}
     bool UseCompressedOops                        = true                           {product lp64_product} {ergonomic}
     bool UseG1GC                                  = true                                      {product} {ergonomic}
     bool UseLargePagesIndividualAllocation        = false                                  {pd product} {ergonomic}

Logging:
Log output configuration:
 #0: stdout all=warning uptime,level,tags foldmultilines=false
 #1: stderr all=off uptime,level,tags foldmultilines=false

Environment Variables:
PATH=C:\Program Files\Common Files\Oracle\Java\javapath;D:\oracle\product\10.2.0\db_1\bin;C:\Program Files (x86)\Common Files\Intel\Shared Files\cpp\bin\Intel64;C:\WINDOWS\system32;C:\WINDOWS;C:\WINDOWS\System32\Wbem;C:\WINDOWS\System32\WindowsPowerShell\v1.0\;C:\WINDOWS\System32\OpenSSH\;C:\Program Files\Java\jdk-22\bin;C:\Program Files\nodejs\;C:\Program Files\MySQL\MySQL Shell 8.0\bin\;C:\Users\HP\AppData\Local\Programs\Python\Python312\Scripts\;C:\Users\HP\AppData\Local\Programs\Python\Python312\;C:\Users\HP\AppData\Local\Microsoft\WindowsApps;C:\Users\HP\AppData\Local\Programs\Microsoft VS Code\bin;C:\Users\HP\AppData\Roaming\npm
USERNAME=HP
OS=Windows_NT
PROCESSOR_IDENTIFIER=AMD64 Family 25 Model 80 Stepping 0, AuthenticAMD
TMP=C:\Users\HP\AppData\Local\Temp
TEMP=C:\Users\HP\AppData\Local\Temp




Periodic native trim disabled

---------------  S Y S T E M  ---------------

OS:
 Windows 11 , 64 bit Build 22621 (10.0.22621.3958)
OS uptime: 5 days 18:05 hours
Hyper-V role detected

CPU: total 12 (initial active 12) (12 cores per cpu, 2 threads per core) family 25 model 80 stepping 0 microcode 0x0, cx8, cmov, fxsr, ht, mmx, 3dnowpref, sse, sse2, sse3, ssse3, sse4a, sse4.1, sse4.2, popcnt, lzcnt, tsc, tscinvbit, avx, avx2, aes, erms, clmul, bmi1, bmi2, adx, sha, fma, vzeroupper, clflush, clflushopt, hv, rdtscp, rdpid, fsrm, f16c, cet_ss
Processor Information for processor 0
  Max Mhz: 2301, Current Mhz: 1798, Mhz Limit: 2301
Processor Information for processor 1
  Max Mhz: 2301, Current Mhz: 1798, Mhz Limit: 2301
Processor Information for processor 2
  Max Mhz: 2301, Current Mhz: 1798, Mhz Limit: 2301
Processor Information for processor 3
  Max Mhz: 2301, Current Mhz: 2301, Mhz Limit: 2301
Processor Information for processor 4
  Max Mhz: 2301, Current Mhz: 1798, Mhz Limit: 2301
Processor Information for processor 5
  Max Mhz: 2301, Current Mhz: 2301, Mhz Limit: 2301
Processor Information for processor 6
  Max Mhz: 2301, Current Mhz: 1798, Mhz Limit: 2301
Processor Information for processor 7
  Max Mhz: 2301, Current Mhz: 1798, Mhz Limit: 2301
Processor Information for processor 8
  Max Mhz: 2301, Current Mhz: 1798, Mhz Limit: 2301
Processor Information for processor 9
  Max Mhz: 2301, Current Mhz: 1798, Mhz Limit: 2301
Processor Information for processor 10
  Max Mhz: 2301, Current Mhz: 1798, Mhz Limit: 2301
Processor Information for processor 11
  Max Mhz: 2301, Current Mhz: 2301, Mhz Limit: 2301

Memory: 4k page, system-wide physical 7520M (547M free)
TotalPageFile size 26780M (AvailPageFile size 0M)
current process WorkingSet (physical memory assigned to process): 61M, peak: 61M
current process commit charge ("private bytes"): 226M, peak: 226M

vm_info: Java HotSpot(TM) 64-Bit Server VM (22.0.2+9-70) for windows-amd64 JRE (22.0.2+9-70), built on 2024-06-04T16:52:23Z by "mach5one" with MS VC++ 17.6 (VS2022)

END.
