#
# There is insufficient memory for the Java Runtime Environment to continue.
# Native memory allocation (mmap) failed to map 123731968 bytes. Error detail: G1 virtual space
# Possible reasons:
#   The system is out of physical RAM or swap space
#   This process is running with CompressedOops enabled, and the Java Heap may be blocking the growth of the native heap
# Possible solutions:
#   Reduce memory load on the system
#   Increase physical memory or swap space
#   Check if swap backing store is full
#   Decrease Java heap size (-Xmx/-Xms)
#   Decrease number of Java threads
#   Decrease Java thread stack sizes (-Xss)
#   Set larger code cache with -XX:ReservedCodeCacheSize=
#   JVM is running with Unscaled Compressed Oops mode in which the Java heap is
#     placed in the first 4GB address space. The Java Heap base address is the
#     maximum limit for the native heap growth. Please use -XX:HeapBaseMinAddress
#     to set the Java Heap base and to place the Java Heap above 4GB virtual address.
# This output file may be truncated or incomplete.
#
#  Out of Memory Error (os_windows.cpp:3631), pid=9676, tid=27508
#
# JRE version:  (22.0.2+9) (build )
# Java VM: Java HotSpot(TM) 64-Bit Server VM (22.0.2+9-70, mixed mode, sharing, tiered, compressed oops, compressed class ptrs, g1 gc, windows-amd64)
# No core dump will be written. Minidumps are not enabled by default on client versions of Windows
#

---------------  S U M M A R Y ------------

Command Line: -Dfile.encoding=UTF-8 --module-path=C:\Users\HP\OneDrive\Documents\NetBeansProjects\Jkb Management System\build\classes jkb.management.system.EmployeeInfo

Host: AMD Ryzen 5 5625U with Radeon Graphics         , 12 cores, 7G,  Windows 11 , 64 bit Build 22621 (10.0.22621.3958)
Time: Wed Nov 13 09:07:21 2024 India Standard Time elapsed time: 0.013671 seconds (0d 0h 0m 0s)

---------------  T H R E A D  ---------------

Current thread (0x00000297066a07f0):  JavaThread "Unknown thread" [_thread_in_vm, id=27508, stack(0x000000a1ca300000,0x000000a1ca400000) (1024K)]

Stack: [0x000000a1ca300000,0x000000a1ca400000]
Native frames: (J=compiled Java code, j=interpreted, Vv=VM code, C=native code)
V  [jvm.dll+0x6e26e9]  (no source info available)
V  [jvm.dll+0x875753]  (no source info available)
V  [jvm.dll+0x877b7e]  (no source info available)
V  [jvm.dll+0x878253]  (no source info available)
V  [jvm.dll+0x27fc86]  (no source info available)
V  [jvm.dll+0x6ded85]  (no source info available)
V  [jvm.dll+0x6d388a]  (no source info available)
V  [jvm.dll+0x358b8a]  (no source info available)
V  [jvm.dll+0x3610b6]  (no source info available)
V  [jvm.dll+0x3b419e]  (no source info available)
V  [jvm.dll+0x3b4448]  (no source info available)
V  [jvm.dll+0x32c5ec]  (no source info available)
V  [jvm.dll+0x32d258]  (no source info available)
V  [jvm.dll+0x83d5ac]  (no source info available)
V  [jvm.dll+0x3c10d1]  (no source info available)
V  [jvm.dll+0x8264cc]  (no source info available)
V  [jvm.dll+0x45bd5e]  (no source info available)
V  [jvm.dll+0x45dbe1]  (no source info available)
C  [jli.dll+0x52a3]  (no source info available)
C  [ucrtbase.dll+0x29333]  (no source info available)
C  [KERNEL32.DLL+0x1257d]  (no source info available)
C  [ntdll.dll+0x5af08]  (no source info available)


---------------  P R O C E S S  ---------------

Threads class SMR info:
_java_thread_list=0x00007ff9f360c1c8, length=0, elements={
}

Java Threads: ( => current thread )
Total: 0

Other Threads:
  0x000002970885ddb0 WorkerThread "GC Thread#0"                     [id=10736, stack(0x000000a1ca400000,0x000000a1ca500000) (1024K)]
  0x000002970886e8f0 ConcurrentGCThread "G1 Main Marker"            [id=18848, stack(0x000000a1ca500000,0x000000a1ca600000) (1024K)]
  0x000002970886fbc0 WorkerThread "G1 Conc#0"                       [id=27056, stack(0x000000a1ca600000,0x000000a1ca700000) (1024K)]

[error occurred during error reporting (printing all threads), id 0xc0000005, EXCEPTION_ACCESS_VIOLATION (0xc0000005) at pc=0x00007ff9f2d5f517]
VM state: not at safepoint (not fully initialized)

VM Mutex/Monitor currently owned by a thread:  ([mutex/lock_event])
[0x00007ff9f368cc80] Heap_lock - owner thread: 0x00000297066a07f0

Heap address: 0x000000008a600000, size: 1882 MB, Compressed Oops mode: 32-bit

CDS archive(s) mapped at: [0x0000000000000000-0x0000000000000000-0x0000000000000000), size 0, SharedBaseAddress: 0x0000000800000000, ArchiveRelocationMode: 1.
Narrow klass base: 0x0000000000000000, Narrow klass shift: 0, Narrow klass range: 0x0

GC Precious Log:
 CardTable entry size: 512
 Card Set container configuration: InlinePtr #cards 5 size 8 Array Of Cards #cards 12 size 40 Howl #buckets 4 coarsen threshold 1843 Howl Bitmap #cards 512 size 80 coarsen threshold 460 Card regions per heap region 1 cards per card region 2048

Heap:
 garbage-first heap   total reserved 1927168K, committed 0K, used 0K [0x000000008a600000, 0x0000000100000000)
  region size 1024K, 0 young (0K), 0 survivors (0K)

[error occurred during error reporting (printing heap information), id 0xc0000005, EXCEPTION_ACCESS_VIOLATION (0xc0000005) at pc=0x00007ff9f315e869]
GC Heap History (0 events):
No events

Dll operation events (1 events):
Event: 0.009 Loaded shared library C:\Program Files\Java\jdk-22\bin\java.dll

Deoptimization events (0 events):
No events

Classes loaded (0 events):
No events

Classes unloaded (0 events):
No events

Classes redefined (0 events):
No events

Internal exceptions (0 events):
No events

ZGC Phase Switch (0 events):
No events

VM Operations (0 events):
No events

Memory protections (0 events):
No events

Nmethod flushes (0 events):
No events

Events (0 events):
No events


Dynamic libraries:
0x00007ff60e2d0000 - 0x00007ff60e2e0000 	C:\Program Files\Java\jdk-22\bin\java.exe
0x00007ffa785b0000 - 0x00007ffa787c7000 	C:\WINDOWS\SYSTEM32\ntdll.dll
0x00007ffa77c90000 - 0x00007ffa77d54000 	C:\WINDOWS\System32\KERNEL32.DLL
0x00007ffa75e50000 - 0x00007ffa76207000 	C:\WINDOWS\System32\KERNELBASE.dll
0x00007ffa75d00000 - 0x00007ffa75e11000 	C:\WINDOWS\System32\ucrtbase.dll
0x00007ffa3d9d0000 - 0x00007ffa3d9e7000 	C:\Program Files\Java\jdk-22\bin\jli.dll
0x00007ff9f5040000 - 0x00007ff9f505b000 	C:\Program Files\Java\jdk-22\bin\VCRUNTIME140.dll
0x00007ffa76fd0000 - 0x00007ffa7717f000 	C:\WINDOWS\System32\USER32.dll
0x00007ffa76210000 - 0x00007ffa76236000 	C:\WINDOWS\System32\win32u.dll
0x00007ffa5bee0000 - 0x00007ffa5c173000 	C:\WINDOWS\WinSxS\amd64_microsoft.windows.common-controls_6595b64144ccf1df_6.0.22621.3672_none_2713b9d173822955\COMCTL32.dll
0x00007ffa78130000 - 0x00007ffa78159000 	C:\WINDOWS\System32\GDI32.dll
0x00007ffa76770000 - 0x00007ffa76817000 	C:\WINDOWS\System32\msvcrt.dll
0x00007ffa758c0000 - 0x00007ffa759d8000 	C:\WINDOWS\System32\gdi32full.dll
0x00007ffa76240000 - 0x00007ffa762da000 	C:\WINDOWS\System32\msvcp_win.dll
0x00007ffa77280000 - 0x00007ffa772b1000 	C:\WINDOWS\System32\IMM32.DLL
0x00007ffa4a130000 - 0x00007ffa4a13c000 	C:\Program Files\Java\jdk-22\bin\vcruntime140_1.dll
0x00007ff9f4790000 - 0x00007ff9f481e000 	C:\Program Files\Java\jdk-22\bin\msvcp140.dll
0x00007ff9f2a20000 - 0x00007ff9f3769000 	C:\Program Files\Java\jdk-22\bin\server\jvm.dll
0x00007ffa76520000 - 0x00007ffa765d2000 	C:\WINDOWS\System32\ADVAPI32.dll
0x00007ffa78020000 - 0x00007ffa780c8000 	C:\WINDOWS\System32\sechost.dll
0x00007ffa75e20000 - 0x00007ffa75e48000 	C:\WINDOWS\System32\bcrypt.dll
0x00007ffa76400000 - 0x00007ffa76514000 	C:\WINDOWS\System32\RPCRT4.dll
0x00007ffa784f0000 - 0x00007ffa78561000 	C:\WINDOWS\System32\WS2_32.dll
0x00007ffa75190000 - 0x00007ffa751dd000 	C:\WINDOWS\SYSTEM32\POWRPROF.dll
0x00007ffa70e90000 - 0x00007ffa70ec4000 	C:\WINDOWS\SYSTEM32\WINMM.dll
0x00007ffa6c7d0000 - 0x00007ffa6c7da000 	C:\WINDOWS\SYSTEM32\VERSION.dll
0x00007ffa75120000 - 0x00007ffa75133000 	C:\WINDOWS\SYSTEM32\UMPDC.dll
0x00007ffa748e0000 - 0x00007ffa748f8000 	C:\WINDOWS\SYSTEM32\kernel.appcore.dll
0x00007ffa49a80000 - 0x00007ffa49a8a000 	C:\Program Files\Java\jdk-22\bin\jimage.dll
0x00007ffa6faa0000 - 0x00007ffa6fcd2000 	C:\WINDOWS\SYSTEM32\DBGHELP.DLL
0x00007ffa78160000 - 0x00007ffa784ee000 	C:\WINDOWS\System32\combase.dll
0x00007ffa771a0000 - 0x00007ffa77277000 	C:\WINDOWS\System32\OLEAUT32.dll
0x00007ffa5cd60000 - 0x00007ffa5cd92000 	C:\WINDOWS\SYSTEM32\dbgcore.DLL
0x00007ffa75c80000 - 0x00007ffa75cfb000 	C:\WINDOWS\System32\bcryptPrimitives.dll
0x00007ff9f4ad0000 - 0x00007ff9f4aee000 	C:\Program Files\Java\jdk-22\bin\java.dll
0x00007ffa77420000 - 0x00007ffa77c89000 	C:\WINDOWS\System32\SHELL32.dll
0x00007ffa76920000 - 0x00007ffa76ac5000 	C:\WINDOWS\System32\ole32.dll

dbghelp: loaded successfully - version: 4.0.5 - missing functions: none
symbol engine: initialized successfully - sym options: 0x614 - pdb path: .;C:\Program Files\Java\jdk-22\bin;C:\WINDOWS\SYSTEM32;C:\WINDOWS\WinSxS\amd64_microsoft.windows.common-controls_6595b64144ccf1df_6.0.22621.3672_none_2713b9d173822955;C:\Program Files\Java\jdk-22\bin\server

VM Arguments:
jvm_args: -Dfile.encoding=UTF-8 --module-path=C:\Users\HP\OneDrive\Documents\NetBeansProjects\Jkb Management System\build\classes 
java_command: jkb.management.system.EmployeeInfo
java_class_path (initial): C:\Users\HP\Downloads\mysql-connector-java-8.0.28 (1).jar;C:\Users\HP\Downloads\rs2xml (1).jar;C:\Users\HP\OneDrive\Documents\NetBeansProjects\Jkb Management System\build\classes
Launcher Type: SUN_STANDARD

[Global flags]
     intx CICompilerCount                          = 4                                         {product} {ergonomic}
     uint ConcGCThreads                            = 3                                         {product} {ergonomic}
     uint G1ConcRefinementThreads                  = 10                                        {product} {ergonomic}
   size_t G1HeapRegionSize                         = 1048576                                   {product} {ergonomic}
   size_t InitialHeapSize                          = 123731968                                 {product} {ergonomic}
   size_t MarkStackSize                            = 4194304                                   {product} {ergonomic}
   size_t MaxHeapSize                              = 1973420032                                {product} {ergonomic}
   size_t MinHeapDeltaBytes                        = 1048576                                   {product} {ergonomic}
   size_t MinHeapSize                              = 8388608                                   {product} {ergonomic}
    uintx NonNMethodCodeHeapSize                   = 5839372                                {pd product} {ergonomic}
    uintx NonProfiledCodeHeapSize                  = 122909434                              {pd product} {ergonomic}
    uintx ProfiledCodeHeapSize                     = 122909434                              {pd product} {ergonomic}
    uintx ReservedCodeCacheSize                    = 251658240                              {pd product} {ergonomic}
     bool SegmentedCodeCache                       = true                                      {product} {ergonomic}
   size_t SoftMaxHeapSize                          = 1973420032                             {manageable} {ergonomic}
     bool UseCompressedOops                        = true                           {product lp64_product} {ergonomic}
     bool UseG1GC                                  = true                                      {product} {ergonomic}
     bool UseLargePagesIndividualAllocation        = false                                  {pd product} {ergonomic}

Logging:
Log output configuration:
 #0: stdout all=warning uptime,level,tags foldmultilines=false
 #1: stderr all=off uptime,level,tags foldmultilines=false

Environment Variables:
PATH=C:\Program Files\Common Files\Oracle\Java\javapath;D:\oracle\product\10.2.0\db_1\bin;C:\Program Files (x86)\Common Files\Intel\Shared Files\cpp\bin\Intel64;C:\WINDOWS\system32;C:\WINDOWS;C:\WINDOWS\System32\Wbem;C:\WINDOWS\System32\WindowsPowerShell\v1.0\;C:\WINDOWS\System32\OpenSSH\;C:\Program Files\Java\jdk-22\bin;C:\Program Files\nodejs\;C:\Program Files\MySQL\MySQL Shell 8.0\bin\;C:\Users\HP\AppData\Local\Programs\Python\Python312\Scripts\;C:\Users\HP\AppData\Local\Programs\Python\Python312\;C:\Users\HP\AppData\Local\Microsoft\WindowsApps;C:\Users\HP\AppData\Local\Programs\Microsoft VS Code\bin;C:\Users\HP\AppData\Roaming\npm
USERNAME=HP
OS=Windows_NT
PROCESSOR_IDENTIFIER=AMD64 Family 25 Model 80 Stepping 0, AuthenticAMD
TMP=C:\Users\HP\AppData\Local\Temp
TEMP=C:\Users\HP\AppData\Local\Temp




Periodic native trim disabled

---------------  S Y S T E M  ---------------

OS:
 Windows 11 , 64 bit Build 22621 (10.0.22621.3958)
OS uptime: 8 days 17:16 hours
Hyper-V role detected

CPU: total 12 (initial active 12) (12 cores per cpu, 2 threads per core) family 25 model 80 stepping 0 microcode 0x0, cx8, cmov, fxsr, ht, mmx, 3dnowpref, sse, sse2, sse3, ssse3, sse4a, sse4.1, sse4.2, popcnt, lzcnt, tsc, tscinvbit, avx, avx2, aes, erms, clmul, bmi1, bmi2, adx, sha, fma, vzeroupper, clflush, clflushopt, hv, rdtscp, rdpid, fsrm, f16c, cet_ss
Processor Information for processor 0
  Max Mhz: 2301, Current Mhz: 1798, Mhz Limit: 2301
Processor Information for processor 1
  Max Mhz: 2301, Current Mhz: 1798, Mhz Limit: 2301
Processor Information for processor 2
  Max Mhz: 2301, Current Mhz: 1798, Mhz Limit: 2301
Processor Information for processor 3
  Max Mhz: 2301, Current Mhz: 1798, Mhz Limit: 2301
Processor Information for processor 4
  Max Mhz: 2301, Current Mhz: 1798, Mhz Limit: 2301
Processor Information for processor 5
  Max Mhz: 2301, Current Mhz: 1798, Mhz Limit: 2301
Processor Information for processor 6
  Max Mhz: 2301, Current Mhz: 1798, Mhz Limit: 2301
Processor Information for processor 7
  Max Mhz: 2301, Current Mhz: 1798, Mhz Limit: 2301
Processor Information for processor 8
  Max Mhz: 2301, Current Mhz: 1798, Mhz Limit: 2301
Processor Information for processor 9
  Max Mhz: 2301, Current Mhz: 1798, Mhz Limit: 2301
Processor Information for processor 10
  Max Mhz: 2301, Current Mhz: 2301, Mhz Limit: 2301
Processor Information for processor 11
  Max Mhz: 2301, Current Mhz: 1798, Mhz Limit: 2301

Memory: 4k page, system-wide physical 7520M (433M free)
TotalPageFile size 26780M (AvailPageFile size 110M)
current process WorkingSet (physical memory assigned to process): 12M, peak: 12M
current process commit charge ("private bytes"): 64M, peak: 182M

vm_info: Java HotSpot(TM) 64-Bit Server VM (22.0.2+9-70) for windows-amd64 JRE (22.0.2+9-70), built on 2024-06-04T16:52:23Z by "mach5one" with MS VC++ 17.6 (VS2022)

END.
