#
# There is insufficient memory for the Java Runtime Environment to continue.
# Native memory allocation (mmap) failed to map 65536 bytes. Error detail: Failed to commit metaspace.
# Possible reasons:
#   The system is out of physical RAM or swap space
#   This process is running with CompressedOops enabled, and the Java Heap may be blocking the growth of the native heap
# Possible solutions:
#   Reduce memory load on the system
#   Increase physical memory or swap space
#   Check if swap backing store is full
#   Decrease Java heap size (-Xmx/-Xms)
#   Decrease number of Java threads
#   Decrease Java thread stack sizes (-Xss)
#   Set larger code cache with -XX:ReservedCodeCacheSize=
#   JVM is running with Unscaled Compressed Oops mode in which the Java heap is
#     placed in the first 4GB address space. The Java Heap base address is the
#     maximum limit for the native heap growth. Please use -XX:HeapBaseMinAddress
#     to set the Java Heap base and to place the Java Heap above 4GB virtual address.
# This output file may be truncated or incomplete.
#
#  Out of Memory Error (virtualSpaceNode.cpp:112), pid=6908, tid=3832
#
# JRE version: Java(TM) SE Runtime Environment (22.0.2+9) (build 22.0.2+9-70)
# Java VM: Java HotSpot(TM) 64-Bit Server VM (22.0.2+9-70, mixed mode, sharing, tiered, compressed oops, compressed class ptrs, g1 gc, windows-amd64)
# No core dump will be written. Minidumps are not enabled by default on client versions of Windows
#

---------------  S U M M A R Y ------------

Command Line: -Dfile.encoding=UTF-8 --module-path=C:\Users\HP\OneDrive\Documents\NetBeansProjects\Jkb Management System\build\classes jkb.management.system.EmployeeInfo

Host: AMD Ryzen 5 5625U with Radeon Graphics         , 12 cores, 7G,  Windows 11 , 64 bit Build 22621 (10.0.22621.3958)
Time: Wed Nov 13 09:06:18 2024 India Standard Time elapsed time: 0.561269 seconds (0d 0h 0m 0s)

---------------  T H R E A D  ---------------

Current thread (0x00000217d93ddf30):  JavaThread "main"             [_thread_in_vm, id=3832, stack(0x0000006d34300000,0x0000006d34400000) (1024K)]

Stack: [0x0000006d34300000,0x0000006d34400000]
Native frames: (J=compiled Java code, j=interpreted, Vv=VM code, C=native code)
V  [jvm.dll+0x6e26e9]  (no source info available)
V  [jvm.dll+0x875753]  (no source info available)
V  [jvm.dll+0x877b7e]  (no source info available)
V  [jvm.dll+0x878253]  (no source info available)
V  [jvm.dll+0x27fc86]  (no source info available)
V  [jvm.dll+0x87139e]  (no source info available)
V  [jvm.dll+0x685755]  (no source info available)
V  [jvm.dll+0x6857ba]  (no source info available)
V  [jvm.dll+0x687ffa]  (no source info available)
V  [jvm.dll+0x224f6c]  (no source info available)
V  [jvm.dll+0x68616e]  (no source info available)
V  [jvm.dll+0x27c9ed]  (no source info available)
V  [jvm.dll+0x27cdb1]  (no source info available)
V  [jvm.dll+0x73ae8f]  (no source info available)
V  [jvm.dll+0x73bc7f]  (no source info available)
V  [jvm.dll+0x3c8e5f]  (no source info available)
V  [jvm.dll+0x3c7c5c]  (no source info available)
V  [jvm.dll+0x3c7bf8]  (no source info available)
V  [jvm.dll+0x5ea63b]  (no source info available)
V  [jvm.dll+0x5ea6f3]  (no source info available)
V  [jvm.dll+0x3dd76a]  (no source info available)
V  [jvm.dll+0x3dd1f0]  (no source info available)
C  0x00000217eae2789c  (no source info available)

The last pc belongs to getstatic (printed below).
Java frames: (J=compiled Java code, j=interpreted, Vv=VM code)
j  javax.swing.UIManager.initialize()V+20 java.desktop@22.0.2
j  javax.swing.UIManager.maybeInitialize()V+22 java.desktop@22.0.2
j  javax.swing.UIManager.getUI(Ljavax/swing/JComponent;)Ljavax/swing/plaf/ComponentUI;+0 java.desktop@22.0.2
j  javax.swing.JPanel.updateUI()V+2 java.desktop@22.0.2
j  javax.swing.JPanel.<init>(Ljava/awt/LayoutManager;Z)V+24 java.desktop@22.0.2
j  javax.swing.JPanel.<init>(Z)V+9 java.desktop@22.0.2
j  javax.swing.JPanel.<init>()V+2 java.desktop@22.0.2
j  javax.swing.JRootPane.createGlassPane()Ljava/awt/Component;+4 java.desktop@22.0.2
j  javax.swing.JRootPane.<init>()V+11 java.desktop@22.0.2
j  javax.swing.JFrame.createRootPane()Ljavax/swing/JRootPane;+4 java.desktop@22.0.2
j  javax.swing.JFrame.frameInit()V+16 java.desktop@22.0.2
j  javax.swing.JFrame.<init>()V+20 java.desktop@22.0.2
j  jkb.management.system.EmployeeInfo.<init>()V+1
j  jkb.management.system.EmployeeInfo.main([Ljava/lang/String;)V+4
v  ~StubRoutines::call_stub 0x00000217eae1100d
getstatic  178 getstatic  [0x00000217eae27800, 0x00000217eae27a00]  512 bytes
[MachCode]
  0x00000217eae27800: 4883 ec08 | c5fa 1104 | 24eb 1f48 | 83ec 10c5 | fb11 0424 | eb14 4883 | ec10 4889 | 0424 48c7 
  0x00000217eae27820: 4424 0800 | 0000 00eb | 0150 488b | 4dd0 410f | b755 0148 | 8b49 286b | d218 488d | 4c11 080f 
  0x00000217eae27840: b659 1281 | fbb2 0000 | 000f 84bd | 0000 00bb | b200 0000 | e805 0000 | 00e9 9900 | 0000 488b 
  0x00000217eae27860: d348 8d44 | 2408 4c89 | 6dc0 498b | cfc5 f877 | 4989 afb0 | 0300 0049 | 8987 a003 | 0000 4883 
  0x00000217eae27880: ec20 40f6 | c40f 0f84 | 1900 0000 | 4883 ec08 | 48b8 90d1 | dff2 f97f | 0000 ffd0 | 4883 c408 
  0x00000217eae278a0: e90c 0000 | 0048 b890 | d1df f2f9 | 7f00 00ff | d048 83c4 | 2049 c787 | a003 0000 | 0000 0000 
  0x00000217eae278c0: 49c7 87b0 | 0300 0000 | 0000 0049 | c787 a803 | 0000 0000 | 0000 c5f8 | 7749 837f | 0800 0f84 
  0x00000217eae278e0: 0500 0000 | e917 96fe | ff4c 8b6d | c04c 8b75 | c84e 8d74 | f500 c348 | 8b4d d041 | 0fb7 5501 
  0x00000217eae27900: 488b 4928 | 6bd2 1848 | 8d4c 1108 | 8b59 080f | b651 110f | b641 104c | 8b09 4d8b | 4970 4d8b 
  0x00000217eae27920: 0985 c00f | 850b 0000 | 0041 0fbe | 0419 50e9 | b100 0000 | 83f8 010f | 850b 0000 | 0041 0fb6 
  0x00000217eae27940: 0419 50e9 | 9d00 0000 | 83f8 080f | 850a 0000 | 0041 8b04 | 1950 e98a | 0000 0083 | f804 0f85 
  0x00000217eae27960: 0a00 0000 | 418b 0419 | 50e9 7700 | 0000 83f8 | 020f 850b | 0000 0041 | 0fb7 0419 | 50e9 6300 
  0x00000217eae27980: 0000 83f8 | 030f 850b | 0000 0041 | 0fbf 0419 | 50e9 4f00 | 0000 83f8 | 050f 851a | 0000 0049 
  0x00000217eae279a0: 8b04 1948 | 83ec 1048 | 8904 2448 | c744 2408 | 0000 0000 | e92c 0000 | 0083 f806 | 0f85 1400 
  0x00000217eae279c0: 0000 c4c1 | 7a10 0419 | 4883 ec08 | c5fa 1104 | 24e9 0f00 | 0000 c4c1 | 7b10 0419 | 4883 ec10 
  0x00000217eae279e0: c5fb 1104 | 2441 0fb6 | 5d03 4983 | c503 49ba | 3011 6af3 | f97f 0000 | 41ff 24da | 0f1f 4000 
[/MachCode]

---------------  P R O C E S S  ---------------

Threads class SMR info:
_java_thread_list=0x00000217c533a0e0, length=14, elements={
0x00000217d93ddf30, 0x00000217f7f67bf0, 0x00000217f7f68910, 0x00000217f7f6bba0,
0x00000217f7f6c600, 0x00000217f7f6d800, 0x00000217f7f6ea00, 0x00000217f7f73430,
0x00000217f7f74e20, 0x00000217f7f32180, 0x00000217c52fc410, 0x00000217c5487530,
0x00000217c548aa70, 0x00000217c548ddc0
}

Java Threads: ( => current thread )
=>0x00000217d93ddf30 JavaThread "main"                              [_thread_in_vm, id=3832, stack(0x0000006d34300000,0x0000006d34400000) (1024K)]
  0x00000217f7f67bf0 JavaThread "Reference Handler"          daemon [_thread_blocked, id=10728, stack(0x0000006d34b00000,0x0000006d34c00000) (1024K)]
  0x00000217f7f68910 JavaThread "Finalizer"                  daemon [_thread_blocked, id=22236, stack(0x0000006d34c00000,0x0000006d34d00000) (1024K)]
  0x00000217f7f6bba0 JavaThread "Signal Dispatcher"          daemon [_thread_blocked, id=26984, stack(0x0000006d34d00000,0x0000006d34e00000) (1024K)]
  0x00000217f7f6c600 JavaThread "Attach Listener"            daemon [_thread_blocked, id=27364, stack(0x0000006d34e00000,0x0000006d34f00000) (1024K)]
  0x00000217f7f6d800 JavaThread "Service Thread"             daemon [_thread_blocked, id=27292, stack(0x0000006d34f00000,0x0000006d35000000) (1024K)]
  0x00000217f7f6ea00 JavaThread "Monitor Deflation Thread"   daemon [_thread_blocked, id=968, stack(0x0000006d35000000,0x0000006d35100000) (1024K)]
  0x00000217f7f73430 JavaThread "C2 CompilerThread0"         daemon [_thread_blocked, id=2700, stack(0x0000006d35100000,0x0000006d35200000) (1024K)]
  0x00000217f7f74e20 JavaThread "C1 CompilerThread0"         daemon [_thread_blocked, id=5136, stack(0x0000006d35200000,0x0000006d35300000) (1024K)]
  0x00000217f7f32180 JavaThread "Common-Cleaner"             daemon [_thread_blocked, id=26872, stack(0x0000006d35300000,0x0000006d35400000) (1024K)]
  0x00000217c52fc410 JavaThread "Notification Thread"        daemon [_thread_blocked, id=27456, stack(0x0000006d35400000,0x0000006d35500000) (1024K)]
  0x00000217c5487530 JavaThread "Java2D Disposer"            daemon [_thread_blocked, id=16652, stack(0x0000006d35500000,0x0000006d35600000) (1024K)]
  0x00000217c548aa70 JavaThread "AWT-Shutdown"                      [_thread_blocked, id=12900, stack(0x0000006d35600000,0x0000006d35700000) (1024K)]
  0x00000217c548ddc0 JavaThread "AWT-Windows"                daemon [_thread_in_native, id=21160, stack(0x0000006d35700000,0x0000006d35800000) (1024K)]
Total: 14

Other Threads:
  0x00000217f7f468a0 VMThread "VM Thread"                           [id=14452, stack(0x0000006d34a00000,0x0000006d34b00000) (1024K)]
  0x00000217f7f30170 WatcherThread "VM Periodic Task Thread"        [id=24432, stack(0x0000006d34900000,0x0000006d34a00000) (1024K)]
  0x00000217db5de140 WorkerThread "GC Thread#0"                     [id=3320, stack(0x0000006d34400000,0x0000006d34500000) (1024K)]
  0x00000217db5eec80 ConcurrentGCThread "G1 Main Marker"            [id=12748, stack(0x0000006d34500000,0x0000006d34600000) (1024K)]
  0x00000217db5ef940 WorkerThread "G1 Conc#0"                       [id=22992, stack(0x0000006d34600000,0x0000006d34700000) (1024K)]
  0x00000217f7e02570 ConcurrentGCThread "G1 Refine#0"               [id=22564, stack(0x0000006d34700000,0x0000006d34800000) (1024K)]
  0x00000217f7e02f00 ConcurrentGCThread "G1 Service"                [id=24612, stack(0x0000006d34800000,0x0000006d34900000) (1024K)]
Total: 7

Threads with active compile tasks:
Total: 0

VM state: not at safepoint (normal execution)

VM Mutex/Monitor currently owned by a thread:  ([mutex/lock_event])
[0x00007ff9f368ab00] Metaspace_lock - owner thread: 0x00000217d93ddf30

Heap address: 0x000000008a600000, size: 1882 MB, Compressed Oops mode: 32-bit

CDS archive(s) mapped at: [0x0000021780000000-0x0000021780c60000-0x0000021780c60000), size 12976128, SharedBaseAddress: 0x0000021780000000, ArchiveRelocationMode: 1.
Compressed class space mapped at: 0x0000021781000000-0x00000217c1000000, reserved size: 1073741824
Narrow klass base: 0x0000021780000000, Narrow klass shift: 0, Narrow klass range: 0x41000000

GC Precious Log:
 CardTable entry size: 512
 Card Set container configuration: InlinePtr #cards 5 size 8 Array Of Cards #cards 12 size 40 Howl #buckets 4 coarsen threshold 1843 Howl Bitmap #cards 512 size 80 coarsen threshold 460 Card regions per heap region 1 cards per card region 2048
 CPUs: 12 total, 12 available
 Memory: 7520M
 Large Page Support: Disabled
 NUMA Support: Disabled
 Compressed Oops: Enabled (32-bit)
 Heap Region Size: 1M
 Heap Min Capacity: 8M
 Heap Initial Capacity: 118M
 Heap Max Capacity: 1882M
 Pre-touch: Disabled
 Parallel Workers: 10
 Concurrent Workers: 3
 Concurrent Refinement Workers: 10
 Periodic GC: Disabled

Heap:
 garbage-first heap   total reserved 1927168K, committed 120832K, used 5120K [0x000000008a600000, 0x0000000100000000)
  region size 1024K, 6 young (6144K), 0 survivors (0K)
 Metaspace       used 4009K, committed 4160K, reserved 1114112K
  class space    used 425K, committed 512K, reserved 1048576K

Heap Regions: E=young(eden), S=young(survivor), O=old, HS=humongous(starts), HC=humongous(continues), CS=collection set, F=free, TAMS=top-at-mark-start, PB=parsable bottom
|   0|0x000000008a600000, 0x000000008a600000, 0x000000008a700000|  0%| F|  |TAMS 0x000000008a600000| PB 0x000000008a600000| Untracked |  0
|   1|0x000000008a700000, 0x000000008a700000, 0x000000008a800000|  0%| F|  |TAMS 0x000000008a700000| PB 0x000000008a700000| Untracked |  0
|   2|0x000000008a800000, 0x000000008a800000, 0x000000008a900000|  0%| F|  |TAMS 0x000000008a800000| PB 0x000000008a800000| Untracked |  0
|   3|0x000000008a900000, 0x000000008a900000, 0x000000008aa00000|  0%| F|  |TAMS 0x000000008a900000| PB 0x000000008a900000| Untracked |  0
|   4|0x000000008aa00000, 0x000000008aa00000, 0x000000008ab00000|  0%| F|  |TAMS 0x000000008aa00000| PB 0x000000008aa00000| Untracked |  0
|   5|0x000000008ab00000, 0x000000008ab00000, 0x000000008ac00000|  0%| F|  |TAMS 0x000000008ab00000| PB 0x000000008ab00000| Untracked |  0
|   6|0x000000008ac00000, 0x000000008ac00000, 0x000000008ad00000|  0%| F|  |TAMS 0x000000008ac00000| PB 0x000000008ac00000| Untracked |  0
|   7|0x000000008ad00000, 0x000000008ad00000, 0x000000008ae00000|  0%| F|  |TAMS 0x000000008ad00000| PB 0x000000008ad00000| Untracked |  0
|   8|0x000000008ae00000, 0x000000008ae00000, 0x000000008af00000|  0%| F|  |TAMS 0x000000008ae00000| PB 0x000000008ae00000| Untracked |  0
|   9|0x000000008af00000, 0x000000008af00000, 0x000000008b000000|  0%| F|  |TAMS 0x000000008af00000| PB 0x000000008af00000| Untracked |  0
|  10|0x000000008b000000, 0x000000008b000000, 0x000000008b100000|  0%| F|  |TAMS 0x000000008b000000| PB 0x000000008b000000| Untracked |  0
|  11|0x000000008b100000, 0x000000008b100000, 0x000000008b200000|  0%| F|  |TAMS 0x000000008b100000| PB 0x000000008b100000| Untracked |  0
|  12|0x000000008b200000, 0x000000008b200000, 0x000000008b300000|  0%| F|  |TAMS 0x000000008b200000| PB 0x000000008b200000| Untracked |  0
|  13|0x000000008b300000, 0x000000008b300000, 0x000000008b400000|  0%| F|  |TAMS 0x000000008b300000| PB 0x000000008b300000| Untracked |  0
|  14|0x000000008b400000, 0x000000008b400000, 0x000000008b500000|  0%| F|  |TAMS 0x000000008b400000| PB 0x000000008b400000| Untracked |  0
|  15|0x000000008b500000, 0x000000008b500000, 0x000000008b600000|  0%| F|  |TAMS 0x000000008b500000| PB 0x000000008b500000| Untracked |  0
|  16|0x000000008b600000, 0x000000008b600000, 0x000000008b700000|  0%| F|  |TAMS 0x000000008b600000| PB 0x000000008b600000| Untracked |  0
|  17|0x000000008b700000, 0x000000008b700000, 0x000000008b800000|  0%| F|  |TAMS 0x000000008b700000| PB 0x000000008b700000| Untracked |  0
|  18|0x000000008b800000, 0x000000008b800000, 0x000000008b900000|  0%| F|  |TAMS 0x000000008b800000| PB 0x000000008b800000| Untracked |  0
|  19|0x000000008b900000, 0x000000008b900000, 0x000000008ba00000|  0%| F|  |TAMS 0x000000008b900000| PB 0x000000008b900000| Untracked |  0
|  20|0x000000008ba00000, 0x000000008ba00000, 0x000000008bb00000|  0%| F|  |TAMS 0x000000008ba00000| PB 0x000000008ba00000| Untracked |  0
|  21|0x000000008bb00000, 0x000000008bb00000, 0x000000008bc00000|  0%| F|  |TAMS 0x000000008bb00000| PB 0x000000008bb00000| Untracked |  0
|  22|0x000000008bc00000, 0x000000008bc00000, 0x000000008bd00000|  0%| F|  |TAMS 0x000000008bc00000| PB 0x000000008bc00000| Untracked |  0
|  23|0x000000008bd00000, 0x000000008bd00000, 0x000000008be00000|  0%| F|  |TAMS 0x000000008bd00000| PB 0x000000008bd00000| Untracked |  0
|  24|0x000000008be00000, 0x000000008be00000, 0x000000008bf00000|  0%| F|  |TAMS 0x000000008be00000| PB 0x000000008be00000| Untracked |  0
|  25|0x000000008bf00000, 0x000000008bf00000, 0x000000008c000000|  0%| F|  |TAMS 0x000000008bf00000| PB 0x000000008bf00000| Untracked |  0
|  26|0x000000008c000000, 0x000000008c000000, 0x000000008c100000|  0%| F|  |TAMS 0x000000008c000000| PB 0x000000008c000000| Untracked |  0
|  27|0x000000008c100000, 0x000000008c100000, 0x000000008c200000|  0%| F|  |TAMS 0x000000008c100000| PB 0x000000008c100000| Untracked |  0
|  28|0x000000008c200000, 0x000000008c200000, 0x000000008c300000|  0%| F|  |TAMS 0x000000008c200000| PB 0x000000008c200000| Untracked |  0
|  29|0x000000008c300000, 0x000000008c300000, 0x000000008c400000|  0%| F|  |TAMS 0x000000008c300000| PB 0x000000008c300000| Untracked |  0
|  30|0x000000008c400000, 0x000000008c400000, 0x000000008c500000|  0%| F|  |TAMS 0x000000008c400000| PB 0x000000008c400000| Untracked |  0
|  31|0x000000008c500000, 0x000000008c500000, 0x000000008c600000|  0%| F|  |TAMS 0x000000008c500000| PB 0x000000008c500000| Untracked |  0
|  32|0x000000008c600000, 0x000000008c600000, 0x000000008c700000|  0%| F|  |TAMS 0x000000008c600000| PB 0x000000008c600000| Untracked |  0
|  33|0x000000008c700000, 0x000000008c700000, 0x000000008c800000|  0%| F|  |TAMS 0x000000008c700000| PB 0x000000008c700000| Untracked |  0
|  34|0x000000008c800000, 0x000000008c800000, 0x000000008c900000|  0%| F|  |TAMS 0x000000008c800000| PB 0x000000008c800000| Untracked |  0
|  35|0x000000008c900000, 0x000000008c900000, 0x000000008ca00000|  0%| F|  |TAMS 0x000000008c900000| PB 0x000000008c900000| Untracked |  0
|  36|0x000000008ca00000, 0x000000008ca00000, 0x000000008cb00000|  0%| F|  |TAMS 0x000000008ca00000| PB 0x000000008ca00000| Untracked |  0
|  37|0x000000008cb00000, 0x000000008cb00000, 0x000000008cc00000|  0%| F|  |TAMS 0x000000008cb00000| PB 0x000000008cb00000| Untracked |  0
|  38|0x000000008cc00000, 0x000000008cc00000, 0x000000008cd00000|  0%| F|  |TAMS 0x000000008cc00000| PB 0x000000008cc00000| Untracked |  0
|  39|0x000000008cd00000, 0x000000008cd00000, 0x000000008ce00000|  0%| F|  |TAMS 0x000000008cd00000| PB 0x000000008cd00000| Untracked |  0
|  40|0x000000008ce00000, 0x000000008ce00000, 0x000000008cf00000|  0%| F|  |TAMS 0x000000008ce00000| PB 0x000000008ce00000| Untracked |  0
|  41|0x000000008cf00000, 0x000000008cf00000, 0x000000008d000000|  0%| F|  |TAMS 0x000000008cf00000| PB 0x000000008cf00000| Untracked |  0
|  42|0x000000008d000000, 0x000000008d000000, 0x000000008d100000|  0%| F|  |TAMS 0x000000008d000000| PB 0x000000008d000000| Untracked |  0
|  43|0x000000008d100000, 0x000000008d100000, 0x000000008d200000|  0%| F|  |TAMS 0x000000008d100000| PB 0x000000008d100000| Untracked |  0
|  44|0x000000008d200000, 0x000000008d200000, 0x000000008d300000|  0%| F|  |TAMS 0x000000008d200000| PB 0x000000008d200000| Untracked |  0
|  45|0x000000008d300000, 0x000000008d300000, 0x000000008d400000|  0%| F|  |TAMS 0x000000008d300000| PB 0x000000008d300000| Untracked |  0
|  46|0x000000008d400000, 0x000000008d400000, 0x000000008d500000|  0%| F|  |TAMS 0x000000008d400000| PB 0x000000008d400000| Untracked |  0
|  47|0x000000008d500000, 0x000000008d500000, 0x000000008d600000|  0%| F|  |TAMS 0x000000008d500000| PB 0x000000008d500000| Untracked |  0
|  48|0x000000008d600000, 0x000000008d600000, 0x000000008d700000|  0%| F|  |TAMS 0x000000008d600000| PB 0x000000008d600000| Untracked |  0
|  49|0x000000008d700000, 0x000000008d700000, 0x000000008d800000|  0%| F|  |TAMS 0x000000008d700000| PB 0x000000008d700000| Untracked |  0
|  50|0x000000008d800000, 0x000000008d800000, 0x000000008d900000|  0%| F|  |TAMS 0x000000008d800000| PB 0x000000008d800000| Untracked |  0
|  51|0x000000008d900000, 0x000000008d900000, 0x000000008da00000|  0%| F|  |TAMS 0x000000008d900000| PB 0x000000008d900000| Untracked |  0
|  52|0x000000008da00000, 0x000000008da00000, 0x000000008db00000|  0%| F|  |TAMS 0x000000008da00000| PB 0x000000008da00000| Untracked |  0
|  53|0x000000008db00000, 0x000000008db00000, 0x000000008dc00000|  0%| F|  |TAMS 0x000000008db00000| PB 0x000000008db00000| Untracked |  0
|  54|0x000000008dc00000, 0x000000008dc00000, 0x000000008dd00000|  0%| F|  |TAMS 0x000000008dc00000| PB 0x000000008dc00000| Untracked |  0
|  55|0x000000008dd00000, 0x000000008dd00000, 0x000000008de00000|  0%| F|  |TAMS 0x000000008dd00000| PB 0x000000008dd00000| Untracked |  0
|  56|0x000000008de00000, 0x000000008de00000, 0x000000008df00000|  0%| F|  |TAMS 0x000000008de00000| PB 0x000000008de00000| Untracked |  0
|  57|0x000000008df00000, 0x000000008df00000, 0x000000008e000000|  0%| F|  |TAMS 0x000000008df00000| PB 0x000000008df00000| Untracked |  0
|  58|0x000000008e000000, 0x000000008e000000, 0x000000008e100000|  0%| F|  |TAMS 0x000000008e000000| PB 0x000000008e000000| Untracked |  0
|  59|0x000000008e100000, 0x000000008e100000, 0x000000008e200000|  0%| F|  |TAMS 0x000000008e100000| PB 0x000000008e100000| Untracked |  0
|  60|0x000000008e200000, 0x000000008e200000, 0x000000008e300000|  0%| F|  |TAMS 0x000000008e200000| PB 0x000000008e200000| Untracked |  0
|  61|0x000000008e300000, 0x000000008e300000, 0x000000008e400000|  0%| F|  |TAMS 0x000000008e300000| PB 0x000000008e300000| Untracked |  0
|  62|0x000000008e400000, 0x000000008e400000, 0x000000008e500000|  0%| F|  |TAMS 0x000000008e400000| PB 0x000000008e400000| Untracked |  0
|  63|0x000000008e500000, 0x000000008e500000, 0x000000008e600000|  0%| F|  |TAMS 0x000000008e500000| PB 0x000000008e500000| Untracked |  0
|  64|0x000000008e600000, 0x000000008e600000, 0x000000008e700000|  0%| F|  |TAMS 0x000000008e600000| PB 0x000000008e600000| Untracked |  0
|  65|0x000000008e700000, 0x000000008e700000, 0x000000008e800000|  0%| F|  |TAMS 0x000000008e700000| PB 0x000000008e700000| Untracked |  0
|  66|0x000000008e800000, 0x000000008e800000, 0x000000008e900000|  0%| F|  |TAMS 0x000000008e800000| PB 0x000000008e800000| Untracked |  0
|  67|0x000000008e900000, 0x000000008e900000, 0x000000008ea00000|  0%| F|  |TAMS 0x000000008e900000| PB 0x000000008e900000| Untracked |  0
|  68|0x000000008ea00000, 0x000000008ea00000, 0x000000008eb00000|  0%| F|  |TAMS 0x000000008ea00000| PB 0x000000008ea00000| Untracked |  0
|  69|0x000000008eb00000, 0x000000008eb00000, 0x000000008ec00000|  0%| F|  |TAMS 0x000000008eb00000| PB 0x000000008eb00000| Untracked |  0
|  70|0x000000008ec00000, 0x000000008ec00000, 0x000000008ed00000|  0%| F|  |TAMS 0x000000008ec00000| PB 0x000000008ec00000| Untracked |  0
|  71|0x000000008ed00000, 0x000000008ed00000, 0x000000008ee00000|  0%| F|  |TAMS 0x000000008ed00000| PB 0x000000008ed00000| Untracked |  0
|  72|0x000000008ee00000, 0x000000008ee00000, 0x000000008ef00000|  0%| F|  |TAMS 0x000000008ee00000| PB 0x000000008ee00000| Untracked |  0
|  73|0x000000008ef00000, 0x000000008ef00000, 0x000000008f000000|  0%| F|  |TAMS 0x000000008ef00000| PB 0x000000008ef00000| Untracked |  0
|  74|0x000000008f000000, 0x000000008f000000, 0x000000008f100000|  0%| F|  |TAMS 0x000000008f000000| PB 0x000000008f000000| Untracked |  0
|  75|0x000000008f100000, 0x000000008f100000, 0x000000008f200000|  0%| F|  |TAMS 0x000000008f100000| PB 0x000000008f100000| Untracked |  0
|  76|0x000000008f200000, 0x000000008f200000, 0x000000008f300000|  0%| F|  |TAMS 0x000000008f200000| PB 0x000000008f200000| Untracked |  0
|  77|0x000000008f300000, 0x000000008f300000, 0x000000008f400000|  0%| F|  |TAMS 0x000000008f300000| PB 0x000000008f300000| Untracked |  0
|  78|0x000000008f400000, 0x000000008f400000, 0x000000008f500000|  0%| F|  |TAMS 0x000000008f400000| PB 0x000000008f400000| Untracked |  0
|  79|0x000000008f500000, 0x000000008f500000, 0x000000008f600000|  0%| F|  |TAMS 0x000000008f500000| PB 0x000000008f500000| Untracked |  0
|  80|0x000000008f600000, 0x000000008f600000, 0x000000008f700000|  0%| F|  |TAMS 0x000000008f600000| PB 0x000000008f600000| Untracked |  0
|  81|0x000000008f700000, 0x000000008f700000, 0x000000008f800000|  0%| F|  |TAMS 0x000000008f700000| PB 0x000000008f700000| Untracked |  0
|  82|0x000000008f800000, 0x000000008f800000, 0x000000008f900000|  0%| F|  |TAMS 0x000000008f800000| PB 0x000000008f800000| Untracked |  0
|  83|0x000000008f900000, 0x000000008f900000, 0x000000008fa00000|  0%| F|  |TAMS 0x000000008f900000| PB 0x000000008f900000| Untracked |  0
|  84|0x000000008fa00000, 0x000000008fa00000, 0x000000008fb00000|  0%| F|  |TAMS 0x000000008fa00000| PB 0x000000008fa00000| Untracked |  0
|  85|0x000000008fb00000, 0x000000008fb00000, 0x000000008fc00000|  0%| F|  |TAMS 0x000000008fb00000| PB 0x000000008fb00000| Untracked |  0
|  86|0x000000008fc00000, 0x000000008fc00000, 0x000000008fd00000|  0%| F|  |TAMS 0x000000008fc00000| PB 0x000000008fc00000| Untracked |  0
|  87|0x000000008fd00000, 0x000000008fd00000, 0x000000008fe00000|  0%| F|  |TAMS 0x000000008fd00000| PB 0x000000008fd00000| Untracked |  0
|  88|0x000000008fe00000, 0x000000008fe00000, 0x000000008ff00000|  0%| F|  |TAMS 0x000000008fe00000| PB 0x000000008fe00000| Untracked |  0
|  89|0x000000008ff00000, 0x000000008ff00000, 0x0000000090000000|  0%| F|  |TAMS 0x000000008ff00000| PB 0x000000008ff00000| Untracked |  0
|  90|0x0000000090000000, 0x0000000090000000, 0x0000000090100000|  0%| F|  |TAMS 0x0000000090000000| PB 0x0000000090000000| Untracked |  0
|  91|0x0000000090100000, 0x0000000090100000, 0x0000000090200000|  0%| F|  |TAMS 0x0000000090100000| PB 0x0000000090100000| Untracked |  0
|  92|0x0000000090200000, 0x0000000090200000, 0x0000000090300000|  0%| F|  |TAMS 0x0000000090200000| PB 0x0000000090200000| Untracked |  0
|  93|0x0000000090300000, 0x0000000090300000, 0x0000000090400000|  0%| F|  |TAMS 0x0000000090300000| PB 0x0000000090300000| Untracked |  0
|  94|0x0000000090400000, 0x0000000090400000, 0x0000000090500000|  0%| F|  |TAMS 0x0000000090400000| PB 0x0000000090400000| Untracked |  0
|  95|0x0000000090500000, 0x0000000090500000, 0x0000000090600000|  0%| F|  |TAMS 0x0000000090500000| PB 0x0000000090500000| Untracked |  0
|  96|0x0000000090600000, 0x0000000090600000, 0x0000000090700000|  0%| F|  |TAMS 0x0000000090600000| PB 0x0000000090600000| Untracked |  0
|  97|0x0000000090700000, 0x0000000090700000, 0x0000000090800000|  0%| F|  |TAMS 0x0000000090700000| PB 0x0000000090700000| Untracked |  0
|  98|0x0000000090800000, 0x0000000090800000, 0x0000000090900000|  0%| F|  |TAMS 0x0000000090800000| PB 0x0000000090800000| Untracked |  0
|  99|0x0000000090900000, 0x0000000090900000, 0x0000000090a00000|  0%| F|  |TAMS 0x0000000090900000| PB 0x0000000090900000| Untracked |  0
| 100|0x0000000090a00000, 0x0000000090a00000, 0x0000000090b00000|  0%| F|  |TAMS 0x0000000090a00000| PB 0x0000000090a00000| Untracked |  0
| 101|0x0000000090b00000, 0x0000000090b00000, 0x0000000090c00000|  0%| F|  |TAMS 0x0000000090b00000| PB 0x0000000090b00000| Untracked |  0
| 102|0x0000000090c00000, 0x0000000090c00000, 0x0000000090d00000|  0%| F|  |TAMS 0x0000000090c00000| PB 0x0000000090c00000| Untracked |  0
| 103|0x0000000090d00000, 0x0000000090d00000, 0x0000000090e00000|  0%| F|  |TAMS 0x0000000090d00000| PB 0x0000000090d00000| Untracked |  0
| 104|0x0000000090e00000, 0x0000000090e00000, 0x0000000090f00000|  0%| F|  |TAMS 0x0000000090e00000| PB 0x0000000090e00000| Untracked |  0
| 105|0x0000000090f00000, 0x0000000090f00000, 0x0000000091000000|  0%| F|  |TAMS 0x0000000090f00000| PB 0x0000000090f00000| Untracked |  0
| 106|0x0000000091000000, 0x0000000091000000, 0x0000000091100000|  0%| F|  |TAMS 0x0000000091000000| PB 0x0000000091000000| Untracked |  0
| 107|0x0000000091100000, 0x0000000091100000, 0x0000000091200000|  0%| F|  |TAMS 0x0000000091100000| PB 0x0000000091100000| Untracked |  0
| 108|0x0000000091200000, 0x0000000091200000, 0x0000000091300000|  0%| F|  |TAMS 0x0000000091200000| PB 0x0000000091200000| Untracked |  0
| 109|0x0000000091300000, 0x0000000091300000, 0x0000000091400000|  0%| F|  |TAMS 0x0000000091300000| PB 0x0000000091300000| Untracked |  0
| 110|0x0000000091400000, 0x0000000091400000, 0x0000000091500000|  0%| F|  |TAMS 0x0000000091400000| PB 0x0000000091400000| Untracked |  0
| 111|0x0000000091500000, 0x0000000091500000, 0x0000000091600000|  0%| F|  |TAMS 0x0000000091500000| PB 0x0000000091500000| Untracked |  0
| 112|0x0000000091600000, 0x000000009167b020, 0x0000000091700000| 48%| E|  |TAMS 0x0000000091600000| PB 0x0000000091600000| Complete |  0
| 113|0x0000000091700000, 0x0000000091800000, 0x0000000091800000|100%| E|CS|TAMS 0x0000000091700000| PB 0x0000000091700000| Complete |  0
| 114|0x0000000091800000, 0x0000000091900000, 0x0000000091900000|100%| E|CS|TAMS 0x0000000091800000| PB 0x0000000091800000| Complete |  0
| 115|0x0000000091900000, 0x0000000091a00000, 0x0000000091a00000|100%| E|CS|TAMS 0x0000000091900000| PB 0x0000000091900000| Complete |  0
| 116|0x0000000091a00000, 0x0000000091b00000, 0x0000000091b00000|100%| E|CS|TAMS 0x0000000091a00000| PB 0x0000000091a00000| Complete |  0
| 117|0x0000000091b00000, 0x0000000091c00000, 0x0000000091c00000|100%| E|CS|TAMS 0x0000000091b00000| PB 0x0000000091b00000| Complete |  0

Card table byte_map: [0x00000217f31e0000,0x00000217f3590000] _byte_map_base: 0x00000217f2d8d000

Marking Bits: (CMBitMap*) 0x00000217db5de850
 Bits: [0x00000217f3590000, 0x00000217f52f8000)

Polling page: 0x00000217dad50000

Metaspace:

Usage:
  Non-class:      3.50 MB used.
      Class:    425.80 KB used.
       Both:      3.92 MB used.

Virtual space:
  Non-class space:       64.00 MB reserved,       3.56 MB (  6%) committed,  1 nodes.
      Class space:        1.00 GB reserved,     512.00 KB ( <1%) committed,  1 nodes.
             Both:        1.06 GB reserved,       4.06 MB ( <1%) committed. 

Chunk freelists:
   Non-Class:  11.90 MB
       Class:  15.50 MB
        Both:  27.40 MB

MaxMetaspaceSize: unlimited
CompressedClassSpaceSize: 1.00 GB
Initial GC threshold: 21.00 MB
Current GC threshold: 21.00 MB
CDS: on
 - commit_granule_bytes: 65536.
 - commit_granule_words: 8192.
 - virtual_space_node_default_size: 8388608.
 - enlarge_chunks_in_place: 1.
 - use_allocation_guard: 0.


Internal statistics:

num_allocs_failed_limit: 0.
num_arena_births: 106.
num_arena_deaths: 0.
num_vsnodes_births: 2.
num_vsnodes_deaths: 0.
num_space_committed: 65.
num_space_uncommitted: 0.
num_chunks_returned_to_freelist: 0.
num_chunks_taken_from_freelist: 126.
num_chunk_merges: 0.
num_chunk_splits: 76.
num_chunks_enlarged: 30.
num_inconsistent_stats: 0.

CodeHeap 'non-profiled nmethods': size=120000Kb used=160Kb max_used=160Kb free=119839Kb
 bounds [0x00000217eb3b0000, 0x00000217eb620000, 0x00000217f28e0000]
CodeHeap 'profiled nmethods': size=120000Kb used=730Kb max_used=730Kb free=119269Kb
 bounds [0x00000217e38e0000, 0x00000217e3b50000, 0x00000217eae10000]
CodeHeap 'non-nmethods': size=5760Kb used=1413Kb max_used=1427Kb free=4346Kb
 bounds [0x00000217eae10000, 0x00000217eb080000, 0x00000217eb3b0000]
 total_blobs=1049 nmethods=544 adapters=410
 compilation: enabled
              stopped_count=0, restarted_count=0
 full_count=0

Compilation events (20 events):
Event: 0.554 Thread 0x00000217f7f74e20 nmethod 534 0x00000217e3993410 code [0x00000217e39935a0, 0x00000217e39936a8]
Event: 0.554 Thread 0x00000217f7f74e20  535       1       java.lang.invoke.DirectMethodHandle::isCrackable (5 bytes)
Event: 0.554 Thread 0x00000217f7f74e20 nmethod 535 0x00000217eb3d7a90 code [0x00000217eb3d7c20, 0x00000217eb3d7cf0]
Event: 0.554 Thread 0x00000217f7f74e20  536       3       jdk.internal.misc.CDS::isSharingEnabled (4 bytes)
Event: 0.554 Thread 0x00000217f7f74e20 nmethod 536 0x00000217e3993710 code [0x00000217e39938a0, 0x00000217e3993990]
Event: 0.554 Thread 0x00000217f7f74e20  537       3       java.lang.invoke.MethodType::changeReturnType (20 bytes)
Event: 0.555 Thread 0x00000217f7f74e20 nmethod 537 0x00000217e3993a10 code [0x00000217e3993bc0, 0x00000217e3993d80]
Event: 0.555 Thread 0x00000217f7f74e20  538       3       java.lang.invoke.Invokers::checkExactType (17 bytes)
Event: 0.556 Thread 0x00000217f7f74e20 nmethod 538 0x00000217e3993e10 code [0x00000217e3993fc0, 0x00000217e39941b0]
Event: 0.556 Thread 0x00000217f7f74e20  539       3       java.lang.invoke.Invokers::checkCustomized (23 bytes)
Event: 0.556 Thread 0x00000217f7f74e20 nmethod 539 0x00000217e3994290 code [0x00000217e3994440, 0x00000217e3994600]
Event: 0.556 Thread 0x00000217f7f74e20  540       3       java.lang.invoke.Invokers::maybeCustomize (5 bytes)
Event: 0.556 Thread 0x00000217f7f74e20 nmethod 540 0x00000217e3994710 code [0x00000217e39948c0, 0x00000217e3994a70]
Event: 0.556 Thread 0x00000217f7f74e20  541       3       java.lang.invoke.MethodHandleNatives::refKindHasReceiver (33 bytes)
Event: 0.556 Thread 0x00000217f7f74e20 nmethod 541 0x00000217e3994b90 code [0x00000217e3994d20, 0x00000217e3994e70]
Event: 0.556 Thread 0x00000217f7f74e20  542       3       jdk.internal.org.objectweb.asm.MethodWriter::visitLabel (330 bytes)
Event: 0.556 Thread 0x00000217f7f73430  544       4       jdk.internal.util.ArraysSupport::vectorizedHashCode (158 bytes)
Event: 0.557 Thread 0x00000217f7f74e20 nmethod 542 0x00000217e3994f10 code [0x00000217e39951a0, 0x00000217e3995e88]
Event: 0.557 Thread 0x00000217f7f74e20  543       3       jdk.internal.org.objectweb.asm.MethodWriter::endCurrentBasicBlockWithNoSuccessor (94 bytes)
Event: 0.557 Thread 0x00000217f7f74e20 nmethod 543 0x00000217e3996110 code [0x00000217e3996300, 0x00000217e3996960]

GC Heap History (0 events):
No events

Dll operation events (7 events):
Event: 0.009 Loaded shared library C:\Program Files\Java\jdk-22\bin\java.dll
Event: 0.208 Loaded shared library C:\Program Files\Java\jdk-22\bin\jsvml.dll
Event: 0.262 Loaded shared library C:\Program Files\Java\jdk-22\bin\net.dll
Event: 0.264 Loaded shared library C:\Program Files\Java\jdk-22\bin\nio.dll
Event: 0.296 Loaded shared library C:\Program Files\Java\jdk-22\bin\zip.dll
Event: 0.314 Loaded shared library C:\Program Files\Java\jdk-22\bin\jimage.dll
Event: 0.332 Loaded shared library C:\Program Files\Java\jdk-22\bin\awt.dll

Deoptimization events (4 events):
Event: 0.516 Thread 0x00000217d93ddf30 Uncommon trap: trap_request=0xffffff45 fr.pc=0x00000217eb3bfdf8 relative=0x0000000000000a38
Event: 0.516 Thread 0x00000217d93ddf30 Uncommon trap: reason=unstable_if action=reinterpret pc=0x00000217eb3bfdf8 method=java.util.HashMap.putVal(ILjava/lang/Object;Ljava/lang/Object;ZZ)Ljava/lang/Object; @ 236 c2
Event: 0.516 Thread 0x00000217d93ddf30 DEOPT PACKING pc=0x00000217eb3bfdf8 sp=0x0000006d343fe140
Event: 0.516 Thread 0x00000217d93ddf30 DEOPT UNPACKING pc=0x00000217eae646a2 sp=0x0000006d343fe0f8 mode 2

Classes loaded (20 events):
Event: 0.557 Loading class javax/swing/plaf/metal/MetalLookAndFeel$AATextListener
Event: 0.557 Loading class javax/swing/plaf/metal/MetalLookAndFeel$AATextListener done
Event: 0.557 Loading class java/beans/PropertyChangeListenerProxy
Event: 0.557 Loading class java/util/EventListenerProxy
Event: 0.557 Loading class java/util/EventListenerProxy done
Event: 0.557 Loading class java/beans/PropertyChangeListenerProxy done
Event: 0.557 Loading class javax/swing/plaf/metal/OceanTheme$1
Event: 0.557 Loading class javax/swing/plaf/metal/OceanTheme$1 done
Event: 0.557 Loading class javax/swing/plaf/metal/OceanTheme$2
Event: 0.557 Loading class javax/swing/plaf/metal/OceanTheme$2 done
Event: 0.557 Loading class javax/swing/plaf/metal/OceanTheme$3
Event: 0.557 Loading class javax/swing/plaf/metal/OceanTheme$3 done
Event: 0.557 Loading class javax/swing/plaf/metal/OceanTheme$4
Event: 0.558 Loading class javax/swing/plaf/metal/OceanTheme$4 done
Event: 0.558 Loading class javax/swing/plaf/metal/OceanTheme$5
Event: 0.558 Loading class javax/swing/plaf/metal/OceanTheme$5 done
Event: 0.558 Loading class javax/swing/plaf/metal/OceanTheme$6
Event: 0.558 Loading class javax/swing/plaf/metal/OceanTheme$6 done
Event: 0.558 Loading class javax/swing/RepaintManager
Event: 0.558 Loading class javax/swing/RepaintManager done

Classes unloaded (0 events):
No events

Classes redefined (0 events):
No events

Internal exceptions (9 events):
Event: 0.266 Thread 0x00000217d93ddf30 Exception <a 'sun/nio/fs/WindowsException'{0x0000000091abc848}> (0x0000000091abc848) 
thrown [s\open\src\hotspot\share\prims\jni.cpp, line 520]
Event: 0.268 Thread 0x00000217d93ddf30 Exception <a 'sun/nio/fs/WindowsException'{0x0000000091abee88}> (0x0000000091abee88) 
thrown [s\open\src\hotspot\share\prims\jni.cpp, line 520]
Event: 0.269 Thread 0x00000217d93ddf30 Exception <a 'sun/nio/fs/WindowsException'{0x0000000091abf9c0}> (0x0000000091abf9c0) 
thrown [s\open\src\hotspot\share\prims\jni.cpp, line 520]
Event: 0.321 Thread 0x00000217d93ddf30 Exception <a 'java/lang/ClassNotFoundException'{0x0000000091991cc8}: sun/awt/resources/spi/awtProvider> (0x0000000091991cc8) 
thrown [s\open\src\hotspot\share\classfile\systemDictionary.cpp, line 313]
Event: 0.346 Thread 0x00000217d93ddf30 Exception <a 'java/io/FileNotFoundException'{0x00000000919e58d8}> (0x00000000919e58d8) 
thrown [s\open\src\hotspot\share\prims\jni.cpp, line 520]
Event: 0.354 Thread 0x00000217d93ddf30 Exception <a 'java/io/FileNotFoundException'{0x0000000091813fe8}> (0x0000000091813fe8) 
thrown [s\open\src\hotspot\share\prims\jni.cpp, line 520]
Event: 0.520 Thread 0x00000217d93ddf30 Exception <a 'java/lang/NoSuchMethodError'{0x00000000918ad5d8}: 'void java.lang.invoke.DirectMethodHandle$Holder.invokeSpecial(java.lang.Object, java.lang.Object, java.lang.Object)'> (0x00000000918ad5d8) 
thrown [s\open\src\hotspot\share\interpreter\linkResolver.cpp, line 774]
Event: 0.529 Thread 0x00000217d93ddf30 Exception <a 'java/lang/NoSuchMethodError'{0x00000000918d3928}: 'java.lang.Object java.lang.invoke.DirectMethodHandle$Holder.newInvokeSpecial(java.lang.Object, java.lang.Object, java.lang.Object, java.lang.Object, java.lang.Object)'> (0x00000000918d3928) 
thrown [s\open\src\hotspot\share\interpreter\linkResolver.cpp, line 774]
Event: 0.535 Thread 0x00000217d93ddf30 Exception <a 'java/lang/NoSuchMethodError'{0x00000000917855e0}: 'java.lang.Object java.lang.invoke.DirectMethodHandle$Holder.invokeStatic(java.lang.Object, int, java.lang.Object)'> (0x00000000917855e0) 
thrown [s\open\src\hotspot\share\interpreter\linkResolver.cpp, line 774]

ZGC Phase Switch (0 events):
No events

VM Operations (2 events):
Event: 0.270 Executing VM operation: HandshakeAllThreads (Deoptimize)
Event: 0.270 Executing VM operation: HandshakeAllThreads (Deoptimize) done

Memory protections (0 events):
No events

Nmethod flushes (0 events):
No events

Events (14 events):
Event: 0.180 Thread 0x00000217d93ddf30 Thread added: 0x00000217d93ddf30
Event: 0.204 Thread 0x00000217d93ddf30 Thread added: 0x00000217f7f67bf0
Event: 0.204 Thread 0x00000217d93ddf30 Thread added: 0x00000217f7f68910
Event: 0.204 Thread 0x00000217d93ddf30 Thread added: 0x00000217f7f6bba0
Event: 0.204 Thread 0x00000217d93ddf30 Thread added: 0x00000217f7f6c600
Event: 0.205 Thread 0x00000217d93ddf30 Thread added: 0x00000217f7f6d800
Event: 0.205 Thread 0x00000217d93ddf30 Thread added: 0x00000217f7f6ea00
Event: 0.205 Thread 0x00000217d93ddf30 Thread added: 0x00000217f7f73430
Event: 0.205 Thread 0x00000217d93ddf30 Thread added: 0x00000217f7f74e20
Event: 0.247 Thread 0x00000217d93ddf30 Thread added: 0x00000217f7f32180
Event: 0.287 Thread 0x00000217d93ddf30 Thread added: 0x00000217c52fc410
Event: 0.411 Thread 0x00000217d93ddf30 Thread added: 0x00000217c5487530
Event: 0.413 Thread 0x00000217d93ddf30 Thread added: 0x00000217c548aa70
Event: 0.414 Thread 0x00000217d93ddf30 Thread added: 0x00000217c548ddc0


Dynamic libraries:
0x00007ff60e2d0000 - 0x00007ff60e2e0000 	C:\Program Files\Java\jdk-22\bin\java.exe
0x00007ffa785b0000 - 0x00007ffa787c7000 	C:\WINDOWS\SYSTEM32\ntdll.dll
0x00007ffa77c90000 - 0x00007ffa77d54000 	C:\WINDOWS\System32\KERNEL32.DLL
0x00007ffa75e50000 - 0x00007ffa76207000 	C:\WINDOWS\System32\KERNELBASE.dll
0x00007ffa75d00000 - 0x00007ffa75e11000 	C:\WINDOWS\System32\ucrtbase.dll
0x00007ffa3d9d0000 - 0x00007ffa3d9e7000 	C:\Program Files\Java\jdk-22\bin\jli.dll
0x00007ff9f5040000 - 0x00007ff9f505b000 	C:\Program Files\Java\jdk-22\bin\VCRUNTIME140.dll
0x00007ffa76fd0000 - 0x00007ffa7717f000 	C:\WINDOWS\System32\USER32.dll
0x00007ffa5bee0000 - 0x00007ffa5c173000 	C:\WINDOWS\WinSxS\amd64_microsoft.windows.common-controls_6595b64144ccf1df_6.0.22621.3672_none_2713b9d173822955\COMCTL32.dll
0x00007ffa76210000 - 0x00007ffa76236000 	C:\WINDOWS\System32\win32u.dll
0x00007ffa78130000 - 0x00007ffa78159000 	C:\WINDOWS\System32\GDI32.dll
0x00007ffa76770000 - 0x00007ffa76817000 	C:\WINDOWS\System32\msvcrt.dll
0x00007ffa758c0000 - 0x00007ffa759d8000 	C:\WINDOWS\System32\gdi32full.dll
0x00007ffa76240000 - 0x00007ffa762da000 	C:\WINDOWS\System32\msvcp_win.dll
0x00007ffa77280000 - 0x00007ffa772b1000 	C:\WINDOWS\System32\IMM32.DLL
0x00007ffa4a130000 - 0x00007ffa4a13c000 	C:\Program Files\Java\jdk-22\bin\vcruntime140_1.dll
0x00007ff9f4790000 - 0x00007ff9f481e000 	C:\Program Files\Java\jdk-22\bin\msvcp140.dll
0x00007ff9f2a20000 - 0x00007ff9f3769000 	C:\Program Files\Java\jdk-22\bin\server\jvm.dll
0x00007ffa76520000 - 0x00007ffa765d2000 	C:\WINDOWS\System32\ADVAPI32.dll
0x00007ffa78020000 - 0x00007ffa780c8000 	C:\WINDOWS\System32\sechost.dll
0x00007ffa75e20000 - 0x00007ffa75e48000 	C:\WINDOWS\System32\bcrypt.dll
0x00007ffa76400000 - 0x00007ffa76514000 	C:\WINDOWS\System32\RPCRT4.dll
0x00007ffa784f0000 - 0x00007ffa78561000 	C:\WINDOWS\System32\WS2_32.dll
0x00007ffa75190000 - 0x00007ffa751dd000 	C:\WINDOWS\SYSTEM32\POWRPROF.dll
0x00007ffa70e90000 - 0x00007ffa70ec4000 	C:\WINDOWS\SYSTEM32\WINMM.dll
0x00007ffa6c7d0000 - 0x00007ffa6c7da000 	C:\WINDOWS\SYSTEM32\VERSION.dll
0x00007ffa75120000 - 0x00007ffa75133000 	C:\WINDOWS\SYSTEM32\UMPDC.dll
0x00007ffa748e0000 - 0x00007ffa748f8000 	C:\WINDOWS\SYSTEM32\kernel.appcore.dll
0x00007ffa49a80000 - 0x00007ffa49a8a000 	C:\Program Files\Java\jdk-22\bin\jimage.dll
0x00007ffa6faa0000 - 0x00007ffa6fcd2000 	C:\WINDOWS\SYSTEM32\DBGHELP.DLL
0x00007ffa78160000 - 0x00007ffa784ee000 	C:\WINDOWS\System32\combase.dll
0x00007ffa771a0000 - 0x00007ffa77277000 	C:\WINDOWS\System32\OLEAUT32.dll
0x00007ffa5cd60000 - 0x00007ffa5cd92000 	C:\WINDOWS\SYSTEM32\dbgcore.DLL
0x00007ffa75c80000 - 0x00007ffa75cfb000 	C:\WINDOWS\System32\bcryptPrimitives.dll
0x00007ff9f4ad0000 - 0x00007ff9f4aee000 	C:\Program Files\Java\jdk-22\bin\java.dll
0x00007ffa77420000 - 0x00007ffa77c89000 	C:\WINDOWS\System32\SHELL32.dll
0x00007ffa76920000 - 0x00007ffa76ac5000 	C:\WINDOWS\System32\ole32.dll
0x00007ffa737e0000 - 0x00007ffa740df000 	C:\WINDOWS\SYSTEM32\windows.storage.dll
0x00007ffa736a0000 - 0x00007ffa737df000 	C:\WINDOWS\SYSTEM32\wintypes.dll
0x00007ffa76670000 - 0x00007ffa76769000 	C:\WINDOWS\System32\SHCORE.dll
0x00007ffa76380000 - 0x00007ffa763de000 	C:\WINDOWS\System32\shlwapi.dll
0x00007ffa757f0000 - 0x00007ffa75817000 	C:\WINDOWS\SYSTEM32\profapi.dll
0x00007ff9f49f0000 - 0x00007ff9f4ac7000 	C:\Program Files\Java\jdk-22\bin\jsvml.dll
0x00007ffa48d50000 - 0x00007ffa48d60000 	C:\Program Files\Java\jdk-22\bin\net.dll
0x00007ffa74db0000 - 0x00007ffa74e19000 	C:\WINDOWS\system32\mswsock.dll
0x00007ff9f49d0000 - 0x00007ff9f49e6000 	C:\Program Files\Java\jdk-22\bin\nio.dll
0x00007ff9f49b0000 - 0x00007ff9f49c7000 	C:\Program Files\Java\jdk-22\bin\zip.dll
0x00007ff9f4820000 - 0x00007ff9f49ae000 	C:\Program Files\Java\jdk-22\bin\awt.dll
0x00007ffa6f5a0000 - 0x00007ffa6f637000 	C:\WINDOWS\SYSTEM32\apphelp.dll
0x00007ffa73000000 - 0x00007ffa7302b000 	C:\WINDOWS\system32\DWMAPI.DLL
0x00007ffa72d40000 - 0x00007ffa72df1000 	C:\WINDOWS\system32\uxtheme.dll
0x00007ffa25960000 - 0x00007ffa25a60000 	C:\WINDOWS\system32\opengl32.dll
0x00007ffa5bc50000 - 0x00007ffa5bc7d000 	C:\WINDOWS\SYSTEM32\GLU32.dll
0x00007ffa72e90000 - 0x00007ffa72ec7000 	C:\WINDOWS\SYSTEM32\dxcore.dll
0x00007ffa772c0000 - 0x00007ffa77420000 	C:\WINDOWS\System32\MSCTF.dll
0x00007ffa25a60000 - 0x00007ffa25c08000 	C:\WINDOWS\system32\d3d9.dll
0x00007ffa6b9f0000 - 0x00007ffa6bbab000 	C:\WINDOWS\System32\DriverStore\FileRepository\u0387389.inf_amd64_995be970e30b8c79\B385477\aticfx64.dll
0x00007ffa62720000 - 0x00007ffa62754000 	C:\WINDOWS\System32\DriverStore\FileRepository\u0387389.inf_amd64_995be970e30b8c79\B385477\atiu9p64.dll
0x00007ff9fb2c0000 - 0x00007ff9fc015000 	C:\WINDOWS\System32\DriverStore\FileRepository\u0387389.inf_amd64_995be970e30b8c79\B385477\atiumd64.dll
0x0000000066f20000 - 0x0000000067e47000 	C:\WINDOWS\System32\DriverStore\FileRepository\u0387389.inf_amd64_995be970e30b8c79\B385477\atiumd6a.dll
0x00007ffa76ad0000 - 0x00007ffa76f44000 	C:\WINDOWS\System32\SETUPAPI.dll
0x00007ffa6b920000 - 0x00007ffa6b955000 	C:\WINDOWS\SYSTEM32\amdihk64.dll
0x00007ffa6d800000 - 0x00007ffa6d849000 	C:\WINDOWS\SYSTEM32\directxdatabasehelper.dll

dbghelp: loaded successfully - version: 4.0.5 - missing functions: none
symbol engine: initialized successfully - sym options: 0x614 - pdb path: .;C:\Program Files\Java\jdk-22\bin;C:\WINDOWS\SYSTEM32;C:\WINDOWS\WinSxS\amd64_microsoft.windows.common-controls_6595b64144ccf1df_6.0.22621.3672_none_2713b9d173822955;C:\Program Files\Java\jdk-22\bin\server;C:\WINDOWS\System32\DriverStore\FileRepository\u0387389.inf_amd64_995be970e30b8c79\B385477

VM Arguments:
jvm_args: -Dfile.encoding=UTF-8 --module-path=C:\Users\HP\OneDrive\Documents\NetBeansProjects\Jkb Management System\build\classes 
java_command: jkb.management.system.EmployeeInfo
java_class_path (initial): C:\Users\HP\Downloads\mysql-connector-java-8.0.28 (1).jar;C:\Users\HP\Downloads\rs2xml (1).jar;C:\Users\HP\OneDrive\Documents\NetBeansProjects\Jkb Management System\build\classes
Launcher Type: SUN_STANDARD

[Global flags]
     intx CICompilerCount                          = 4                                         {product} {ergonomic}
     uint ConcGCThreads                            = 3                                         {product} {ergonomic}
     uint G1ConcRefinementThreads                  = 10                                        {product} {ergonomic}
   size_t G1HeapRegionSize                         = 1048576                                   {product} {ergonomic}
   size_t InitialHeapSize                          = 123731968                                 {product} {ergonomic}
   size_t MarkStackSize                            = 4194304                                   {product} {ergonomic}
   size_t MaxHeapSize                              = 1973420032                                {product} {ergonomic}
   size_t MaxNewSize                               = 1183842304                                {product} {ergonomic}
   size_t MinHeapDeltaBytes                        = 1048576                                   {product} {ergonomic}
   size_t MinHeapSize                              = 8388608                                   {product} {ergonomic}
    uintx NonNMethodCodeHeapSize                   = 5839372                                {pd product} {ergonomic}
    uintx NonProfiledCodeHeapSize                  = 122909434                              {pd product} {ergonomic}
    uintx ProfiledCodeHeapSize                     = 122909434                              {pd product} {ergonomic}
    uintx ReservedCodeCacheSize                    = 251658240                              {pd product} {ergonomic}
     bool SegmentedCodeCache                       = true                                      {product} {ergonomic}
   size_t SoftMaxHeapSize                          = 1973420032                             {manageable} {ergonomic}
     bool UseCompressedOops                        = true                           {product lp64_product} {ergonomic}
     bool UseG1GC                                  = true                                      {product} {ergonomic}
     bool UseLargePagesIndividualAllocation        = false                                  {pd product} {ergonomic}

Logging:
Log output configuration:
 #0: stdout all=warning uptime,level,tags foldmultilines=false
 #1: stderr all=off uptime,level,tags foldmultilines=false

Environment Variables:
PATH=C:\Program Files\Common Files\Oracle\Java\javapath;D:\oracle\product\10.2.0\db_1\bin;C:\Program Files (x86)\Common Files\Intel\Shared Files\cpp\bin\Intel64;C:\WINDOWS\system32;C:\WINDOWS;C:\WINDOWS\System32\Wbem;C:\WINDOWS\System32\WindowsPowerShell\v1.0\;C:\WINDOWS\System32\OpenSSH\;C:\Program Files\Java\jdk-22\bin;C:\Program Files\nodejs\;C:\Program Files\MySQL\MySQL Shell 8.0\bin\;C:\Users\HP\AppData\Local\Programs\Python\Python312\Scripts\;C:\Users\HP\AppData\Local\Programs\Python\Python312\;C:\Users\HP\AppData\Local\Microsoft\WindowsApps;C:\Users\HP\AppData\Local\Programs\Microsoft VS Code\bin;C:\Users\HP\AppData\Roaming\npm
USERNAME=HP
OS=Windows_NT
PROCESSOR_IDENTIFIER=AMD64 Family 25 Model 80 Stepping 0, AuthenticAMD
TMP=C:\Users\HP\AppData\Local\Temp
TEMP=C:\Users\HP\AppData\Local\Temp




Periodic native trim disabled

---------------  S Y S T E M  ---------------

OS:
 Windows 11 , 64 bit Build 22621 (10.0.22621.3958)
OS uptime: 8 days 17:15 hours
Hyper-V role detected

CPU: total 12 (initial active 12) (12 cores per cpu, 2 threads per core) family 25 model 80 stepping 0 microcode 0x0, cx8, cmov, fxsr, ht, mmx, 3dnowpref, sse, sse2, sse3, ssse3, sse4a, sse4.1, sse4.2, popcnt, lzcnt, tsc, tscinvbit, avx, avx2, aes, erms, clmul, bmi1, bmi2, adx, sha, fma, vzeroupper, clflush, clflushopt, hv, rdtscp, rdpid, fsrm, f16c, cet_ss
Processor Information for processor 0
  Max Mhz: 2301, Current Mhz: 1798, Mhz Limit: 2301
Processor Information for processor 1
  Max Mhz: 2301, Current Mhz: 2301, Mhz Limit: 2301
Processor Information for processor 2
  Max Mhz: 2301, Current Mhz: 1798, Mhz Limit: 2301
Processor Information for processor 3
  Max Mhz: 2301, Current Mhz: 1798, Mhz Limit: 2301
Processor Information for processor 4
  Max Mhz: 2301, Current Mhz: 1798, Mhz Limit: 2301
Processor Information for processor 5
  Max Mhz: 2301, Current Mhz: 2301, Mhz Limit: 2301
Processor Information for processor 6
  Max Mhz: 2301, Current Mhz: 1798, Mhz Limit: 2301
Processor Information for processor 7
  Max Mhz: 2301, Current Mhz: 1798, Mhz Limit: 2301
Processor Information for processor 8
  Max Mhz: 2301, Current Mhz: 2301, Mhz Limit: 2301
Processor Information for processor 9
  Max Mhz: 2301, Current Mhz: 1798, Mhz Limit: 2301
Processor Information for processor 10
  Max Mhz: 2301, Current Mhz: 2301, Mhz Limit: 2301
Processor Information for processor 11
  Max Mhz: 2301, Current Mhz: 1798, Mhz Limit: 2301

Memory: 4k page, system-wide physical 7520M (370M free)
TotalPageFile size 26780M (AvailPageFile size 1M)
current process WorkingSet (physical memory assigned to process): 60M, peak: 60M
current process commit charge ("private bytes"): 225M, peak: 225M

vm_info: Java HotSpot(TM) 64-Bit Server VM (22.0.2+9-70) for windows-amd64 JRE (22.0.2+9-70), built on 2024-06-04T16:52:23Z by "mach5one" with MS VC++ 17.6 (VS2022)

END.
